{"meta": {"format": 3, "version": "7.10.0", "timestamp": "2025-08-12T00:35:32.102373", "branch_coverage": false, "show_contexts": false}, "files": {"src/__init__.py": {"executed_lines": [0], "summary": {"covered_lines": 0, "num_statements": 0, "percent_covered": 100.0, "percent_covered_display": "100", "missing_lines": 0, "excluded_lines": 0}, "missing_lines": [], "excluded_lines": [], "functions": {"": {"executed_lines": [], "summary": {"covered_lines": 0, "num_statements": 0, "percent_covered": 100.0, "percent_covered_display": "100", "missing_lines": 0, "excluded_lines": 0}, "missing_lines": [], "excluded_lines": []}}, "classes": {"": {"executed_lines": [], "summary": {"covered_lines": 0, "num_statements": 0, "percent_covered": 100.0, "percent_covered_display": "100", "missing_lines": 0, "excluded_lines": 0}, "missing_lines": [], "excluded_lines": []}}}, "src/agents/__init__.py": {"executed_lines": [], "summary": {"covered_lines": 0, "num_statements": 0, "percent_covered": 100.0, "percent_covered_display": "100", "missing_lines": 0, "excluded_lines": 0}, "missing_lines": [], "excluded_lines": [], "functions": {"": {"executed_lines": [], "summary": {"covered_lines": 0, "num_statements": 0, "percent_covered": 100.0, "percent_covered_display": "100", "missing_lines": 0, "excluded_lines": 0}, "missing_lines": [], "excluded_lines": []}}, "classes": {"": {"executed_lines": [], "summary": {"covered_lines": 0, "num_statements": 0, "percent_covered": 100.0, "percent_covered_display": "100", "missing_lines": 0, "excluded_lines": 0}, "missing_lines": [], "excluded_lines": []}}}, "src/agents/agentic_rag_agent.py": {"executed_lines": [], "summary": {"covered_lines": 0, "num_statements": 211, "percent_covered": 0.0, "percent_covered_display": "0", "missing_lines": 211, "excluded_lines": 0}, "missing_lines": [11, 12, 13, 14, 15, 17, 18, 20, 23, 24, 26, 27, 28, 29, 30, 31, 34, 35, 37, 38, 39, 40, 41, 42, 45, 50, 54, 55, 56, 59, 66, 79, 89, 90, 95, 96, 101, 103, 107, 108, 112, 115, 116, 119, 123, 128, 129, 132, 134, 135, 138, 140, 142, 146, 151, 154, 161, 165, 168, 171, 173, 174, 176, 177, 179, 181, 187, 196, 197, 199, 200, 201, 210, 211, 212, 218, 220, 225, 226, 229, 231, 235, 238, 240, 241, 245, 247, 250, 253, 255, 264, 269, 270, 271, 273, 274, 280, 281, 285, 286, 287, 288, 290, 293, 295, 302, 309, 310, 311, 312, 320, 323, 329, 330, 332, 336, 337, 340, 341, 343, 344, 345, 346, 348, 350, 355, 356, 357, 358, 359, 360, 362, 365, 366, 382, 383, 398, 399, 414, 415, 432, 434, 435, 436, 437, 438, 439, 441, 443, 446, 447, 448, 449, 450, 451, 452, 453, 455, 457, 458, 459, 460, 462, 464, 466, 473, 476, 478, 480, 481, 483, 484, 486, 488, 490, 496, 497, 498, 499, 501, 503, 510, 513, 514, 515, 517, 518, 521, 522, 523, 524, 526, 527, 529, 531, 534, 535, 536, 537, 539, 541, 545, 546, 549, 550, 551, 552, 554, 556, 564, 567], "excluded_lines": [], "functions": {"AgenticRAGAgent.__init__": {"executed_lines": [], "summary": {"covered_lines": 0, "num_statements": 4, "percent_covered": 0.0, "percent_covered_display": "0", "missing_lines": 4, "excluded_lines": 0}, "missing_lines": [54, 55, 56, 59], "excluded_lines": []}, "AgenticRAGAgent.process_query": {"executed_lines": [], "summary": {"covered_lines": 0, "num_statements": 21, "percent_covered": 0.0, "percent_covered_display": "0", "missing_lines": 21, "excluded_lines": 0}, "missing_lines": [79, 89, 90, 95, 96, 101, 103, 107, 108, 112, 115, 116, 119, 123, 128, 129, 132, 134, 135, 138, 140], "excluded_lines": []}, "AgenticRAGAgent._analyze_query": {"executed_lines": [], "summary": {"covered_lines": 0, "num_statements": 3, "percent_covered": 0.0, "percent_covered_display": "0", "missing_lines": 3, "excluded_lines": 0}, "missing_lines": [146, 151, 154], "excluded_lines": []}, "AgenticRAGAgent._plan_retrieval_strategy": {"executed_lines": [], "summary": {"covered_lines": 0, "num_statements": 9, "percent_covered": 0.0, "percent_covered_display": "0", "missing_lines": 9, "excluded_lines": 0}, "missing_lines": [165, 168, 171, 173, 174, 176, 177, 179, 181], "excluded_lines": []}, "AgenticRAGAgent._determine_next_retrieval": {"executed_lines": [], "summary": {"covered_lines": 0, "num_statements": 9, "percent_covered": 0.0, "percent_covered_display": "0", "missing_lines": 9, "excluded_lines": 0}, "missing_lines": [196, 197, 199, 200, 201, 210, 211, 212, 218], "excluded_lines": []}, "AgenticRAGAgent._execute_retrieval": {"executed_lines": [], "summary": {"covered_lines": 0, "num_statements": 13, "percent_covered": 0.0, "percent_covered_display": "0", "missing_lines": 13, "excluded_lines": 0}, "missing_lines": [225, 226, 229, 231, 235, 238, 240, 241, 245, 247, 250, 253, 255], "excluded_lines": []}, "AgenticRAGAgent._evaluate_information_sufficiency": {"executed_lines": [], "summary": {"covered_lines": 0, "num_statements": 14, "percent_covered": 0.0, "percent_covered_display": "0", "missing_lines": 14, "excluded_lines": 0}, "missing_lines": [269, 270, 271, 273, 274, 280, 281, 285, 286, 287, 288, 290, 293, 295], "excluded_lines": []}, "AgenticRAGAgent._synthesize_response": {"executed_lines": [], "summary": {"covered_lines": 0, "num_statements": 8, "percent_covered": 0.0, "percent_covered_display": "0", "missing_lines": 8, "excluded_lines": 0}, "missing_lines": [309, 310, 311, 312, 320, 323, 329, 330], "excluded_lines": []}, "AgenticRAGAgent._calculate_session_confidence": {"executed_lines": [], "summary": {"covered_lines": 0, "num_statements": 9, "percent_covered": 0.0, "percent_covered_display": "0", "missing_lines": 9, "excluded_lines": 0}, "missing_lines": [336, 337, 340, 341, 343, 344, 345, 346, 348], "excluded_lines": []}, "AgenticRAGAgent._extract_sources": {"executed_lines": [], "summary": {"covered_lines": 0, "num_statements": 7, "percent_covered": 0.0, "percent_covered_display": "0", "missing_lines": 7, "excluded_lines": 0}, "missing_lines": [355, 356, 357, 358, 359, 360, 362], "excluded_lines": []}, "AgenticRAGAgent._get_query_analysis_template": {"executed_lines": [], "summary": {"covered_lines": 0, "num_statements": 1, "percent_covered": 0.0, "percent_covered_display": "0", "missing_lines": 1, "excluded_lines": 0}, "missing_lines": [366], "excluded_lines": []}, "AgenticRAGAgent._get_strategy_selection_template": {"executed_lines": [], "summary": {"covered_lines": 0, "num_statements": 1, "percent_covered": 0.0, "percent_covered_display": "0", "missing_lines": 1, "excluded_lines": 0}, "missing_lines": [383], "excluded_lines": []}, "AgenticRAGAgent._get_result_evaluation_template": {"executed_lines": [], "summary": {"covered_lines": 0, "num_statements": 1, "percent_covered": 0.0, "percent_covered_display": "0", "missing_lines": 1, "excluded_lines": 0}, "missing_lines": [399], "excluded_lines": []}, "AgenticRAGAgent._get_synthesis_planning_template": {"executed_lines": [], "summary": {"covered_lines": 0, "num_statements": 1, "percent_covered": 0.0, "percent_covered_display": "0", "missing_lines": 1, "excluded_lines": 0}, "missing_lines": [415], "excluded_lines": []}, "AgenticRAGAgent._extract_query_type": {"executed_lines": [], "summary": {"covered_lines": 0, "num_statements": 7, "percent_covered": 0.0, "percent_covered_display": "0", "missing_lines": 7, "excluded_lines": 0}, "missing_lines": [434, 435, 436, 437, 438, 439, 441], "excluded_lines": []}, "AgenticRAGAgent._extract_information_needs": {"executed_lines": [], "summary": {"covered_lines": 0, "num_statements": 8, "percent_covered": 0.0, "percent_covered_display": "0", "missing_lines": 8, "excluded_lines": 0}, "missing_lines": [446, 447, 448, 449, 450, 451, 452, 453], "excluded_lines": []}, "AgenticRAGAgent._assess_complexity": {"executed_lines": [], "summary": {"covered_lines": 0, "num_statements": 5, "percent_covered": 0.0, "percent_covered_display": "0", "missing_lines": 5, "excluded_lines": 0}, "missing_lines": [457, 458, 459, 460, 462], "excluded_lines": []}, "AgenticRAGAgent._check_temporal_requirements": {"executed_lines": [], "summary": {"covered_lines": 0, "num_statements": 2, "percent_covered": 0.0, "percent_covered_display": "0", "missing_lines": 2, "excluded_lines": 0}, "missing_lines": [466, 473], "excluded_lines": []}, "AgenticRAGAgent._determine_priority_order": {"executed_lines": [], "summary": {"covered_lines": 0, "num_statements": 7, "percent_covered": 0.0, "percent_covered_display": "0", "missing_lines": 7, "excluded_lines": 0}, "missing_lines": [478, 480, 481, 483, 484, 486, 488], "excluded_lines": []}, "AgenticRAGAgent._adapt_query_for_strategy": {"executed_lines": [], "summary": {"covered_lines": 0, "num_statements": 5, "percent_covered": 0.0, "percent_covered_display": "0", "missing_lines": 5, "excluded_lines": 0}, "missing_lines": [496, 497, 498, 499, 501], "excluded_lines": []}, "AgenticRAGAgent._identify_information_gaps": {"executed_lines": [], "summary": {"covered_lines": 0, "num_statements": 13, "percent_covered": 0.0, "percent_covered_display": "0", "missing_lines": 13, "excluded_lines": 0}, "missing_lines": [510, 513, 514, 515, 517, 518, 521, 522, 523, 524, 526, 527, 529], "excluded_lines": []}, "AgenticRAGAgent._generate_gap_filling_query": {"executed_lines": [], "summary": {"covered_lines": 0, "num_statements": 5, "percent_covered": 0.0, "percent_covered_display": "0", "missing_lines": 5, "excluded_lines": 0}, "missing_lines": [534, 535, 536, 537, 539], "excluded_lines": []}, "AgenticRAGAgent._evaluate_retrieval_results": {"executed_lines": [], "summary": {"covered_lines": 0, "num_statements": 8, "percent_covered": 0.0, "percent_covered_display": "0", "missing_lines": 8, "excluded_lines": 0}, "missing_lines": [545, 546, 549, 550, 551, 552, 554, 556], "excluded_lines": []}, "create_agentic_rag_agent": {"executed_lines": [], "summary": {"covered_lines": 0, "num_statements": 1, "percent_covered": 0.0, "percent_covered_display": "0", "missing_lines": 1, "excluded_lines": 0}, "missing_lines": [567], "excluded_lines": []}, "": {"executed_lines": [], "summary": {"covered_lines": 0, "num_statements": 49, "percent_covered": 0.0, "percent_covered_display": "0", "missing_lines": 49, "excluded_lines": 0}, "missing_lines": [11, 12, 13, 14, 15, 17, 18, 20, 23, 24, 26, 27, 28, 29, 30, 31, 34, 35, 37, 38, 39, 40, 41, 42, 45, 50, 66, 142, 161, 187, 220, 264, 302, 332, 350, 365, 382, 398, 414, 432, 443, 455, 464, 476, 490, 503, 531, 541, 564], "excluded_lines": []}}, "classes": {"RetrievalStep": {"executed_lines": [], "summary": {"covered_lines": 0, "num_statements": 0, "percent_covered": 100.0, "percent_covered_display": "100", "missing_lines": 0, "excluded_lines": 0}, "missing_lines": [], "excluded_lines": []}, "AgenticRAGSession": {"executed_lines": [], "summary": {"covered_lines": 0, "num_statements": 0, "percent_covered": 100.0, "percent_covered_display": "100", "missing_lines": 0, "excluded_lines": 0}, "missing_lines": [], "excluded_lines": []}, "AgenticRAGAgent": {"executed_lines": [], "summary": {"covered_lines": 0, "num_statements": 161, "percent_covered": 0.0, "percent_covered_display": "0", "missing_lines": 161, "excluded_lines": 0}, "missing_lines": [54, 55, 56, 59, 79, 89, 90, 95, 96, 101, 103, 107, 108, 112, 115, 116, 119, 123, 128, 129, 132, 134, 135, 138, 140, 146, 151, 154, 165, 168, 171, 173, 174, 176, 177, 179, 181, 196, 197, 199, 200, 201, 210, 211, 212, 218, 225, 226, 229, 231, 235, 238, 240, 241, 245, 247, 250, 253, 255, 269, 270, 271, 273, 274, 280, 281, 285, 286, 287, 288, 290, 293, 295, 309, 310, 311, 312, 320, 323, 329, 330, 336, 337, 340, 341, 343, 344, 345, 346, 348, 355, 356, 357, 358, 359, 360, 362, 366, 383, 399, 415, 434, 435, 436, 437, 438, 439, 441, 446, 447, 448, 449, 450, 451, 452, 453, 457, 458, 459, 460, 462, 466, 473, 478, 480, 481, 483, 484, 486, 488, 496, 497, 498, 499, 501, 510, 513, 514, 515, 517, 518, 521, 522, 523, 524, 526, 527, 529, 534, 535, 536, 537, 539, 545, 546, 549, 550, 551, 552, 554, 556], "excluded_lines": []}, "": {"executed_lines": [], "summary": {"covered_lines": 0, "num_statements": 50, "percent_covered": 0.0, "percent_covered_display": "0", "missing_lines": 50, "excluded_lines": 0}, "missing_lines": [11, 12, 13, 14, 15, 17, 18, 20, 23, 24, 26, 27, 28, 29, 30, 31, 34, 35, 37, 38, 39, 40, 41, 42, 45, 50, 66, 142, 161, 187, 220, 264, 302, 332, 350, 365, 382, 398, 414, 432, 443, 455, 464, 476, 490, 503, 531, 541, 564, 567], "excluded_lines": []}}}, "src/agents/agents.py": {"executed_lines": [], "summary": {"covered_lines": 0, "num_statements": 14, "percent_covered": 0.0, "percent_covered_display": "0", "missing_lines": 14, "excluded_lines": 0}, "missing_lines": [8, 11, 12, 13, 16, 17, 20, 38, 39, 40, 41, 46, 49, 50], "excluded_lines": [], "functions": {"PlannerAgent.__init__": {"executed_lines": [], "summary": {"covered_lines": 0, "num_statements": 1, "percent_covered": 0.0, "percent_covered_display": "0", "missing_lines": 1, "excluded_lines": 0}, "missing_lines": [50], "excluded_lines": []}, "": {"executed_lines": [], "summary": {"covered_lines": 0, "num_statements": 13, "percent_covered": 0.0, "percent_covered_display": "0", "missing_lines": 13, "excluded_lines": 0}, "missing_lines": [8, 11, 12, 13, 16, 17, 20, 38, 39, 40, 41, 46, 49], "excluded_lines": []}}, "classes": {"PlannerAgent": {"executed_lines": [], "summary": {"covered_lines": 0, "num_statements": 1, "percent_covered": 0.0, "percent_covered_display": "0", "missing_lines": 1, "excluded_lines": 0}, "missing_lines": [50], "excluded_lines": []}, "": {"executed_lines": [], "summary": {"covered_lines": 0, "num_statements": 13, "percent_covered": 0.0, "percent_covered_display": "0", "missing_lines": 13, "excluded_lines": 0}, "missing_lines": [8, 11, 12, 13, 16, 17, 20, 38, 39, 40, 41, 46, 49], "excluded_lines": []}}}, "src/agents/base.py": {"executed_lines": [], "summary": {"covered_lines": 0, "num_statements": 216, "percent_covered": 0.0, "percent_covered_display": "0", "missing_lines": 216, "excluded_lines": 4}, "missing_lines": [8, 10, 11, 12, 13, 14, 15, 16, 18, 19, 20, 21, 23, 26, 28, 29, 30, 31, 34, 36, 37, 38, 39, 40, 43, 44, 46, 47, 48, 49, 50, 53, 54, 56, 57, 58, 59, 60, 61, 62, 63, 66, 69, 80, 81, 82, 83, 84, 85, 86, 87, 90, 96, 97, 98, 100, 110, 116, 117, 118, 119, 120, 121, 123, 125, 128, 130, 131, 136, 146, 154, 155, 164, 165, 167, 169, 171, 172, 173, 174, 175, 177, 181, 183, 184, 185, 191, 192, 195, 198, 199, 202, 205, 208, 218, 220, 221, 223, 225, 226, 231, 238, 239, 245, 246, 247, 253, 254, 255, 258, 259, 263, 265, 266, 270, 274, 275, 278, 282, 284, 285, 286, 287, 292, 293, 295, 297, 305, 306, 311, 312, 325, 336, 338, 340, 350, 351, 355, 358, 360, 365, 369, 370, 374, 378, 379, 383, 388, 391, 393, 395, 397, 399, 401, 404, 406, 407, 413, 414, 416, 418, 419, 421, 430, 431, 432, 433, 434, 436, 438, 439, 443, 444, 445, 446, 448, 451, 453, 455, 456, 457, 458, 459, 460, 462, 464, 467, 470, 485, 489, 490, 492, 498, 506, 507, 512, 521, 524, 527, 528, 530, 531, 532, 533, 534, 535, 536, 537, 538, 539, 540, 541, 543, 546, 547, 554], "excluded_lines": [105, 106, 107, 108], "functions": {"BaseAgent.__init__": {"executed_lines": [], "summary": {"covered_lines": 0, "num_statements": 13, "percent_covered": 0.0, "percent_covered_display": "0", "missing_lines": 13, "excluded_lines": 0}, "missing_lines": [80, 81, 82, 83, 84, 85, 86, 87, 90, 96, 97, 98, 100], "excluded_lines": []}, "BaseAgent.execute_task": {"executed_lines": [], "summary": {"covered_lines": 0, "num_statements": 0, "percent_covered": 100.0, "percent_covered_display": "100", "missing_lines": 0, "excluded_lines": 2}, "missing_lines": [], "excluded_lines": [107, 108]}, "BaseAgent.set_context": {"executed_lines": [], "summary": {"covered_lines": 0, "num_statements": 6, "percent_covered": 0.0, "percent_covered_display": "0", "missing_lines": 6, "excluded_lines": 0}, "missing_lines": [116, 117, 118, 119, 120, 121], "excluded_lines": []}, "BaseAgent.get_execution_history": {"executed_lines": [], "summary": {"covered_lines": 0, "num_statements": 1, "percent_covered": 0.0, "percent_covered_display": "0", "missing_lines": 1, "excluded_lines": 0}, "missing_lines": [125], "excluded_lines": []}, "BaseAgent.get_tool_usage_analytics": {"executed_lines": [], "summary": {"covered_lines": 0, "num_statements": 3, "percent_covered": 0.0, "percent_covered_display": "0", "missing_lines": 3, "excluded_lines": 0}, "missing_lines": [130, 131, 136], "excluded_lines": []}, "BaseAgent._record_execution": {"executed_lines": [], "summary": {"covered_lines": 0, "num_statements": 4, "percent_covered": 0.0, "percent_covered_display": "0", "missing_lines": 4, "excluded_lines": 0}, "missing_lines": [154, 155, 164, 165], "excluded_lines": []}, "BaseAgent._execute_with_retry": {"executed_lines": [], "summary": {"covered_lines": 0, "num_statements": 16, "percent_covered": 0.0, "percent_covered_display": "0", "missing_lines": 16, "excluded_lines": 0}, "missing_lines": [169, 171, 172, 173, 174, 175, 177, 181, 183, 184, 185, 191, 192, 195, 198, 199], "excluded_lines": []}, "SimpleAgent.__init__": {"executed_lines": [], "summary": {"covered_lines": 0, "num_statements": 1, "percent_covered": 0.0, "percent_covered_display": "0", "missing_lines": 1, "excluded_lines": 0}, "missing_lines": [208], "excluded_lines": []}, "SimpleAgent.execute_task": {"executed_lines": [], "summary": {"covered_lines": 0, "num_statements": 30, "percent_covered": 0.0, "percent_covered_display": "0", "missing_lines": 30, "excluded_lines": 0}, "missing_lines": [220, 221, 223, 225, 226, 231, 238, 239, 245, 246, 247, 253, 254, 255, 258, 259, 263, 265, 266, 270, 274, 275, 278, 282, 284, 285, 286, 287, 292, 293], "excluded_lines": []}, "SimpleAgent._build_prompt": {"executed_lines": [], "summary": {"covered_lines": 0, "num_statements": 7, "percent_covered": 0.0, "percent_covered_display": "0", "missing_lines": 7, "excluded_lines": 0}, "missing_lines": [297, 305, 306, 311, 312, 325, 336], "excluded_lines": []}, "SimpleAgent._should_use_tools": {"executed_lines": [], "summary": {"covered_lines": 0, "num_statements": 19, "percent_covered": 0.0, "percent_covered_display": "0", "missing_lines": 19, "excluded_lines": 0}, "missing_lines": [340, 350, 351, 355, 358, 360, 365, 369, 370, 374, 378, 379, 383, 388, 391, 393, 395, 397, 399], "excluded_lines": []}, "SimpleAgent._execute_tools": {"executed_lines": [], "summary": {"covered_lines": 0, "num_statements": 22, "percent_covered": 0.0, "percent_covered_display": "0", "missing_lines": 22, "excluded_lines": 0}, "missing_lines": [404, 406, 407, 413, 414, 416, 418, 419, 421, 430, 431, 432, 433, 434, 436, 438, 439, 443, 444, 445, 446, 448], "excluded_lines": []}, "SimpleAgent._get_effective_tool_name": {"executed_lines": [], "summary": {"covered_lines": 0, "num_statements": 8, "percent_covered": 0.0, "percent_covered_display": "0", "missing_lines": 8, "excluded_lines": 0}, "missing_lines": [453, 455, 456, 457, 458, 459, 460, 462], "excluded_lines": []}, "SimpleAgent._extract_search_query": {"executed_lines": [], "summary": {"covered_lines": 0, "num_statements": 5, "percent_covered": 0.0, "percent_covered_display": "0", "missing_lines": 5, "excluded_lines": 0}, "missing_lines": [467, 470, 485, 489, 490], "excluded_lines": []}, "SimpleAgent._build_prompt_with_tools": {"executed_lines": [], "summary": {"covered_lines": 0, "num_statements": 5, "percent_covered": 0.0, "percent_covered_display": "0", "missing_lines": 5, "excluded_lines": 0}, "missing_lines": [498, 506, 507, 512, 521], "excluded_lines": []}, "AgentFactory.create_agent": {"executed_lines": [], "summary": {"covered_lines": 0, "num_statements": 13, "percent_covered": 0.0, "percent_covered_display": "0", "missing_lines": 13, "excluded_lines": 0}, "missing_lines": [530, 531, 532, 533, 534, 535, 536, 537, 538, 539, 540, 541, 543], "excluded_lines": []}, "AgentFactory.create_simple_agent": {"executed_lines": [], "summary": {"covered_lines": 0, "num_statements": 1, "percent_covered": 0.0, "percent_covered_display": "0", "missing_lines": 1, "excluded_lines": 0}, "missing_lines": [554], "excluded_lines": []}, "": {"executed_lines": [], "summary": {"covered_lines": 0, "num_statements": 62, "percent_covered": 0.0, "percent_covered_display": "0", "missing_lines": 62, "excluded_lines": 2}, "missing_lines": [8, 10, 11, 12, 13, 14, 15, 16, 18, 19, 20, 21, 23, 26, 28, 29, 30, 31, 34, 36, 37, 38, 39, 40, 43, 44, 46, 47, 48, 49, 50, 53, 54, 56, 57, 58, 59, 60, 61, 62, 63, 66, 69, 110, 123, 128, 146, 167, 202, 205, 218, 295, 338, 401, 451, 464, 492, 524, 527, 528, 546, 547], "excluded_lines": [105, 106]}}, "classes": {"AgentType": {"executed_lines": [], "summary": {"covered_lines": 0, "num_statements": 0, "percent_covered": 100.0, "percent_covered_display": "100", "missing_lines": 0, "excluded_lines": 0}, "missing_lines": [], "excluded_lines": []}, "TaskStatus": {"executed_lines": [], "summary": {"covered_lines": 0, "num_statements": 0, "percent_covered": 100.0, "percent_covered_display": "100", "missing_lines": 0, "excluded_lines": 0}, "missing_lines": [], "excluded_lines": []}, "AgentContext": {"executed_lines": [], "summary": {"covered_lines": 0, "num_statements": 0, "percent_covered": 100.0, "percent_covered_display": "100", "missing_lines": 0, "excluded_lines": 0}, "missing_lines": [], "excluded_lines": []}, "TaskResult": {"executed_lines": [], "summary": {"covered_lines": 0, "num_statements": 0, "percent_covered": 100.0, "percent_covered_display": "100", "missing_lines": 0, "excluded_lines": 0}, "missing_lines": [], "excluded_lines": []}, "BaseAgent": {"executed_lines": [], "summary": {"covered_lines": 0, "num_statements": 43, "percent_covered": 0.0, "percent_covered_display": "0", "missing_lines": 43, "excluded_lines": 2}, "missing_lines": [80, 81, 82, 83, 84, 85, 86, 87, 90, 96, 97, 98, 100, 116, 117, 118, 119, 120, 121, 125, 130, 131, 136, 154, 155, 164, 165, 169, 171, 172, 173, 174, 175, 177, 181, 183, 184, 185, 191, 192, 195, 198, 199], "excluded_lines": [107, 108]}, "SimpleAgent": {"executed_lines": [], "summary": {"covered_lines": 0, "num_statements": 97, "percent_covered": 0.0, "percent_covered_display": "0", "missing_lines": 97, "excluded_lines": 0}, "missing_lines": [208, 220, 221, 223, 225, 226, 231, 238, 239, 245, 246, 247, 253, 254, 255, 258, 259, 263, 265, 266, 270, 274, 275, 278, 282, 284, 285, 286, 287, 292, 293, 297, 305, 306, 311, 312, 325, 336, 340, 350, 351, 355, 358, 360, 365, 369, 370, 374, 378, 379, 383, 388, 391, 393, 395, 397, 399, 404, 406, 407, 413, 414, 416, 418, 419, 421, 430, 431, 432, 433, 434, 436, 438, 439, 443, 444, 445, 446, 448, 453, 455, 456, 457, 458, 459, 460, 462, 467, 470, 485, 489, 490, 498, 506, 507, 512, 521], "excluded_lines": []}, "AgentFactory": {"executed_lines": [], "summary": {"covered_lines": 0, "num_statements": 14, "percent_covered": 0.0, "percent_covered_display": "0", "missing_lines": 14, "excluded_lines": 0}, "missing_lines": [530, 531, 532, 533, 534, 535, 536, 537, 538, 539, 540, 541, 543, 554], "excluded_lines": []}, "": {"executed_lines": [], "summary": {"covered_lines": 0, "num_statements": 62, "percent_covered": 0.0, "percent_covered_display": "0", "missing_lines": 62, "excluded_lines": 2}, "missing_lines": [8, 10, 11, 12, 13, 14, 15, 16, 18, 19, 20, 21, 23, 26, 28, 29, 30, 31, 34, 36, 37, 38, 39, 40, 43, 44, 46, 47, 48, 49, 50, 53, 54, 56, 57, 58, 59, 60, 61, 62, 63, 66, 69, 110, 123, 128, 146, 167, 202, 205, 218, 295, 338, 401, 451, 464, 492, 524, 527, 528, 546, 547], "excluded_lines": [105, 106]}}}, "src/agents/content_format_optimizer.py": {"executed_lines": [], "summary": {"covered_lines": 0, "num_statements": 350, "percent_covered": 0.0, "percent_covered_display": "0", "missing_lines": 350, "excluded_lines": 0}, "missing_lines": [10, 12, 13, 14, 15, 16, 17, 18, 20, 22, 25, 27, 28, 29, 30, 33, 35, 36, 37, 38, 39, 40, 43, 44, 46, 47, 48, 49, 50, 51, 52, 55, 56, 58, 59, 60, 61, 62, 65, 68, 69, 70, 72, 76, 79, 80, 81, 82, 85, 88, 91, 97, 99, 102, 103, 104, 106, 107, 109, 110, 111, 116, 117, 120, 122, 123, 130, 131, 134, 140, 141, 143, 144, 146, 147, 152, 153, 154, 156, 157, 159, 160, 165, 166, 167, 169, 170, 172, 173, 178, 179, 180, 183, 184, 185, 188, 189, 195, 197, 200, 203, 205, 206, 208, 210, 212, 214, 216, 218, 222, 224, 232, 234, 236, 237, 239, 240, 241, 242, 245, 248, 249, 250, 251, 253, 256, 257, 259, 261, 263, 264, 266, 267, 269, 271, 272, 273, 274, 276, 278, 280, 282, 284, 286, 287, 290, 291, 292, 294, 295, 296, 297, 298, 300, 302, 303, 305, 307, 309, 312, 313, 314, 316, 317, 320, 322, 324, 326, 329, 331, 332, 334, 336, 337, 338, 339, 340, 341, 342, 343, 345, 347, 352, 353, 354, 358, 360, 363, 365, 367, 370, 371, 372, 373, 376, 378, 381, 384, 385, 387, 390, 393, 394, 396, 403, 404, 407, 410, 416, 419, 426, 428, 431, 452, 457, 459, 460, 461, 462, 463, 464, 465, 466, 467, 468, 469, 471, 473, 475, 477, 479, 484, 486, 490, 492, 493, 494, 495, 496, 499, 503, 505, 507, 513, 515, 517, 522, 525, 652, 655, 656, 664, 671, 677, 678, 681, 682, 683, 685, 688, 697, 703, 704, 706, 708, 710, 712, 714, 716, 718, 720, 721, 723, 724, 725, 727, 728, 729, 730, 731, 733, 735, 736, 738, 740, 745, 746, 748, 754, 755, 758, 759, 761, 767, 779, 780, 782, 784, 790, 791, 793, 794, 796, 797, 798, 799, 801, 802, 803, 805, 807, 809, 811, 817, 820, 821, 822, 823, 827, 835, 837, 840, 843, 844, 845, 846, 848, 855, 856, 861, 862, 867, 872, 874, 875, 877, 878, 886, 889, 891, 894, 896, 903, 907, 911, 912, 913, 915, 916, 918], "excluded_lines": [], "functions": {"MobileFirstOptimizer.__init__": {"executed_lines": [], "summary": {"covered_lines": 0, "num_statements": 2, "percent_covered": 0.0, "percent_covered_display": "0", "missing_lines": 2, "excluded_lines": 0}, "missing_lines": [69, 70], "excluded_lines": []}, "MobileFirstOptimizer.optimize_for_mobile": {"executed_lines": [], "summary": {"covered_lines": 0, "num_statements": 8, "percent_covered": 0.0, "percent_covered_display": "0", "missing_lines": 8, "excluded_lines": 0}, "missing_lines": [76, 79, 80, 81, 82, 85, 88, 91], "excluded_lines": []}, "MobileFirstOptimizer._parse_content_blocks": {"executed_lines": [], "summary": {"covered_lines": 0, "num_statements": 46, "percent_covered": 0.0, "percent_covered_display": "0", "missing_lines": 46, "excluded_lines": 0}, "missing_lines": [99, 102, 103, 104, 106, 107, 109, 110, 111, 116, 117, 120, 122, 123, 130, 131, 134, 140, 141, 143, 144, 146, 147, 152, 153, 154, 156, 157, 159, 160, 165, 166, 167, 169, 170, 172, 173, 178, 179, 180, 183, 184, 185, 188, 189, 195], "excluded_lines": []}, "MobileFirstOptimizer._optimize_block_for_mobile": {"executed_lines": [], "summary": {"covered_lines": 0, "num_statements": 12, "percent_covered": 0.0, "percent_covered_display": "0", "missing_lines": 12, "excluded_lines": 0}, "missing_lines": [200, 203, 205, 206, 208, 210, 212, 214, 216, 218, 222, 224], "excluded_lines": []}, "MobileFirstOptimizer._break_long_paragraph": {"executed_lines": [], "summary": {"covered_lines": 0, "num_statements": 16, "percent_covered": 0.0, "percent_covered_display": "0", "missing_lines": 16, "excluded_lines": 0}, "missing_lines": [234, 236, 237, 239, 240, 241, 242, 245, 248, 249, 250, 251, 253, 256, 257, 259], "excluded_lines": []}, "MobileFirstOptimizer._optimize_list_for_mobile": {"executed_lines": [], "summary": {"covered_lines": 0, "num_statements": 13, "percent_covered": 0.0, "percent_covered_display": "0", "missing_lines": 13, "excluded_lines": 0}, "missing_lines": [263, 264, 266, 267, 269, 271, 272, 273, 274, 276, 278, 280, 282], "excluded_lines": []}, "MobileFirstOptimizer._wrap_list_item": {"executed_lines": [], "summary": {"covered_lines": 0, "num_statements": 14, "percent_covered": 0.0, "percent_covered_display": "0", "missing_lines": 14, "excluded_lines": 0}, "missing_lines": [286, 287, 290, 291, 292, 294, 295, 296, 297, 298, 300, 302, 303, 305], "excluded_lines": []}, "MobileFirstOptimizer._optimize_code_for_mobile": {"executed_lines": [], "summary": {"covered_lines": 0, "num_statements": 9, "percent_covered": 0.0, "percent_covered_display": "0", "missing_lines": 9, "excluded_lines": 0}, "missing_lines": [309, 312, 313, 314, 316, 317, 320, 322, 324], "excluded_lines": []}, "MobileFirstOptimizer._optimize_heading_for_mobile": {"executed_lines": [], "summary": {"covered_lines": 0, "num_statements": 3, "percent_covered": 0.0, "percent_covered_display": "0", "missing_lines": 3, "excluded_lines": 0}, "missing_lines": [329, 331, 332], "excluded_lines": []}, "MobileFirstOptimizer._calculate_mobile_priority": {"executed_lines": [], "summary": {"covered_lines": 0, "num_statements": 9, "percent_covered": 0.0, "percent_covered_display": "0", "missing_lines": 9, "excluded_lines": 0}, "missing_lines": [336, 337, 338, 339, 340, 341, 342, 343, 345], "excluded_lines": []}, "MobileFirstOptimizer._apply_mobile_priority_order": {"executed_lines": [], "summary": {"covered_lines": 0, "num_statements": 4, "percent_covered": 0.0, "percent_covered_display": "0", "missing_lines": 4, "excluded_lines": 0}, "missing_lines": [352, 353, 354, 358], "excluded_lines": []}, "MobileFirstOptimizer._generate_responsive_structure": {"executed_lines": [], "summary": {"covered_lines": 0, "num_statements": 8, "percent_covered": 0.0, "percent_covered_display": "0", "missing_lines": 8, "excluded_lines": 0}, "missing_lines": [363, 365, 367, 370, 371, 372, 373, 376], "excluded_lines": []}, "MobileFirstOptimizer._calculate_mobile_reading_time": {"executed_lines": [], "summary": {"covered_lines": 0, "num_statements": 4, "percent_covered": 0.0, "percent_covered_display": "0", "missing_lines": 4, "excluded_lines": 0}, "missing_lines": [381, 384, 385, 387], "excluded_lines": []}, "ResponsiveHTMLGenerator.__init__": {"executed_lines": [], "summary": {"covered_lines": 0, "num_statements": 1, "percent_covered": 0.0, "percent_covered_display": "0", "missing_lines": 1, "excluded_lines": 0}, "missing_lines": [394], "excluded_lines": []}, "ResponsiveHTMLGenerator.generate_responsive_html": {"executed_lines": [], "summary": {"covered_lines": 0, "num_statements": 7, "percent_covered": 0.0, "percent_covered_display": "0", "missing_lines": 7, "excluded_lines": 0}, "missing_lines": [403, 404, 407, 410, 416, 419, 426], "excluded_lines": []}, "ResponsiveHTMLGenerator._get_responsive_template": {"executed_lines": [], "summary": {"covered_lines": 0, "num_statements": 1, "percent_covered": 0.0, "percent_covered_display": "0", "missing_lines": 1, "excluded_lines": 0}, "missing_lines": [431], "excluded_lines": []}, "ResponsiveHTMLGenerator._convert_blocks_to_html": {"executed_lines": [], "summary": {"covered_lines": 0, "num_statements": 13, "percent_covered": 0.0, "percent_covered_display": "0", "missing_lines": 13, "excluded_lines": 0}, "missing_lines": [457, 459, 460, 461, 462, 463, 464, 465, 466, 467, 468, 469, 471], "excluded_lines": []}, "ResponsiveHTMLGenerator._format_responsive_heading": {"executed_lines": [], "summary": {"covered_lines": 0, "num_statements": 3, "percent_covered": 0.0, "percent_covered_display": "0", "missing_lines": 3, "excluded_lines": 0}, "missing_lines": [475, 477, 479], "excluded_lines": []}, "ResponsiveHTMLGenerator._format_responsive_paragraph": {"executed_lines": [], "summary": {"covered_lines": 0, "num_statements": 1, "percent_covered": 0.0, "percent_covered_display": "0", "missing_lines": 1, "excluded_lines": 0}, "missing_lines": [486], "excluded_lines": []}, "ResponsiveHTMLGenerator._format_responsive_list": {"executed_lines": [], "summary": {"covered_lines": 0, "num_statements": 6, "percent_covered": 0.0, "percent_covered_display": "0", "missing_lines": 6, "excluded_lines": 0}, "missing_lines": [492, 493, 494, 495, 496, 499], "excluded_lines": []}, "ResponsiveHTMLGenerator._format_responsive_code": {"executed_lines": [], "summary": {"covered_lines": 0, "num_statements": 2, "percent_covered": 0.0, "percent_covered_display": "0", "missing_lines": 2, "excluded_lines": 0}, "missing_lines": [505, 507], "excluded_lines": []}, "ResponsiveHTMLGenerator._format_responsive_quote": {"executed_lines": [], "summary": {"covered_lines": 0, "num_statements": 2, "percent_covered": 0.0, "percent_covered_display": "0", "missing_lines": 2, "excluded_lines": 0}, "missing_lines": [515, 517], "excluded_lines": []}, "ResponsiveHTMLGenerator._generate_responsive_css": {"executed_lines": [], "summary": {"covered_lines": 0, "num_statements": 1, "percent_covered": 0.0, "percent_covered_display": "0", "missing_lines": 1, "excluded_lines": 0}, "missing_lines": [525], "excluded_lines": []}, "MultiPlatformAdapter.__init__": {"executed_lines": [], "summary": {"covered_lines": 0, "num_statements": 1, "percent_covered": 0.0, "percent_covered_display": "0", "missing_lines": 1, "excluded_lines": 0}, "missing_lines": [656], "excluded_lines": []}, "MultiPlatformAdapter.adapt_content": {"executed_lines": [], "summary": {"covered_lines": 0, "num_statements": 8, "percent_covered": 0.0, "percent_covered_display": "0", "missing_lines": 8, "excluded_lines": 0}, "missing_lines": [671, 677, 678, 681, 682, 683, 685, 688], "excluded_lines": []}, "MultiPlatformAdapter._adapt_to_markdown": {"executed_lines": [], "summary": {"covered_lines": 0, "num_statements": 8, "percent_covered": 0.0, "percent_covered_display": "0", "missing_lines": 8, "excluded_lines": 0}, "missing_lines": [703, 704, 706, 708, 710, 712, 714, 716], "excluded_lines": []}, "MultiPlatformAdapter._wrap_line_for_mobile": {"executed_lines": [], "summary": {"covered_lines": 0, "num_statements": 14, "percent_covered": 0.0, "percent_covered_display": "0", "missing_lines": 14, "excluded_lines": 0}, "missing_lines": [720, 721, 723, 724, 725, 727, 728, 729, 730, 731, 733, 735, 736, 738], "excluded_lines": []}, "MultiPlatformAdapter._adapt_to_html": {"executed_lines": [], "summary": {"covered_lines": 0, "num_statements": 2, "percent_covered": 0.0, "percent_covered_display": "0", "missing_lines": 2, "excluded_lines": 0}, "missing_lines": [745, 746], "excluded_lines": []}, "MultiPlatformAdapter._adapt_to_email_html": {"executed_lines": [], "summary": {"covered_lines": 0, "num_statements": 4, "percent_covered": 0.0, "percent_covered_display": "0", "missing_lines": 4, "excluded_lines": 0}, "missing_lines": [754, 755, 758, 759], "excluded_lines": []}, "MultiPlatformAdapter._convert_to_email_html": {"executed_lines": [], "summary": {"covered_lines": 0, "num_statements": 4, "percent_covered": 0.0, "percent_covered_display": "0", "missing_lines": 4, "excluded_lines": 0}, "missing_lines": [767, 779, 780, 782], "excluded_lines": []}, "MultiPlatformAdapter._adapt_to_notion": {"executed_lines": [], "summary": {"covered_lines": 0, "num_statements": 14, "percent_covered": 0.0, "percent_covered_display": "0", "missing_lines": 14, "excluded_lines": 0}, "missing_lines": [790, 791, 793, 794, 796, 797, 798, 799, 801, 802, 803, 805, 807, 809], "excluded_lines": []}, "MultiPlatformAdapter._adapt_to_plain_text": {"executed_lines": [], "summary": {"covered_lines": 0, "num_statements": 8, "percent_covered": 0.0, "percent_covered_display": "0", "missing_lines": 8, "excluded_lines": 0}, "missing_lines": [817, 820, 821, 822, 823, 827, 835, 837], "excluded_lines": []}, "ContentFormatOptimizer.__init__": {"executed_lines": [], "summary": {"covered_lines": 0, "num_statements": 3, "percent_covered": 0.0, "percent_covered_display": "0", "missing_lines": 3, "excluded_lines": 0}, "missing_lines": [844, 845, 846], "excluded_lines": []}, "ContentFormatOptimizer.optimize_content_for_all_formats": {"executed_lines": [], "summary": {"covered_lines": 0, "num_statements": 15, "percent_covered": 0.0, "percent_covered_display": "0", "missing_lines": 15, "excluded_lines": 0}, "missing_lines": [855, 856, 861, 862, 867, 872, 874, 875, 877, 878, 886, 889, 891, 894, 896], "excluded_lines": []}, "ContentFormatOptimizer._generate_optimization_summary": {"executed_lines": [], "summary": {"covered_lines": 0, "num_statements": 7, "percent_covered": 0.0, "percent_covered_display": "0", "missing_lines": 7, "excluded_lines": 0}, "missing_lines": [907, 911, 912, 913, 915, 916, 918], "excluded_lines": []}, "": {"executed_lines": [], "summary": {"covered_lines": 0, "num_statements": 77, "percent_covered": 0.0, "percent_covered_display": "0", "missing_lines": 77, "excluded_lines": 0}, "missing_lines": [10, 12, 13, 14, 15, 16, 17, 18, 20, 22, 25, 27, 28, 29, 30, 33, 35, 36, 37, 38, 39, 40, 43, 44, 46, 47, 48, 49, 50, 51, 52, 55, 56, 58, 59, 60, 61, 62, 65, 68, 72, 97, 197, 232, 261, 284, 307, 326, 334, 347, 360, 378, 390, 393, 396, 428, 452, 473, 484, 490, 503, 513, 522, 652, 655, 664, 697, 718, 740, 748, 761, 784, 811, 840, 843, 848, 903], "excluded_lines": []}}, "classes": {"DeviceType": {"executed_lines": [], "summary": {"covered_lines": 0, "num_statements": 0, "percent_covered": 100.0, "percent_covered_display": "100", "missing_lines": 0, "excluded_lines": 0}, "missing_lines": [], "excluded_lines": []}, "ContentFormat": {"executed_lines": [], "summary": {"covered_lines": 0, "num_statements": 0, "percent_covered": 100.0, "percent_covered_display": "100", "missing_lines": 0, "excluded_lines": 0}, "missing_lines": [], "excluded_lines": []}, "FormatOptimizationConfig": {"executed_lines": [], "summary": {"covered_lines": 0, "num_statements": 0, "percent_covered": 100.0, "percent_covered_display": "100", "missing_lines": 0, "excluded_lines": 0}, "missing_lines": [], "excluded_lines": []}, "ContentBlock": {"executed_lines": [], "summary": {"covered_lines": 0, "num_statements": 0, "percent_covered": 100.0, "percent_covered_display": "100", "missing_lines": 0, "excluded_lines": 0}, "missing_lines": [], "excluded_lines": []}, "MobileFirstOptimizer": {"executed_lines": [], "summary": {"covered_lines": 0, "num_statements": 148, "percent_covered": 0.0, "percent_covered_display": "0", "missing_lines": 148, "excluded_lines": 0}, "missing_lines": [69, 70, 76, 79, 80, 81, 82, 85, 88, 91, 99, 102, 103, 104, 106, 107, 109, 110, 111, 116, 117, 120, 122, 123, 130, 131, 134, 140, 141, 143, 144, 146, 147, 152, 153, 154, 156, 157, 159, 160, 165, 166, 167, 169, 170, 172, 173, 178, 179, 180, 183, 184, 185, 188, 189, 195, 200, 203, 205, 206, 208, 210, 212, 214, 216, 218, 222, 224, 234, 236, 237, 239, 240, 241, 242, 245, 248, 249, 250, 251, 253, 256, 257, 259, 263, 264, 266, 267, 269, 271, 272, 273, 274, 276, 278, 280, 282, 286, 287, 290, 291, 292, 294, 295, 296, 297, 298, 300, 302, 303, 305, 309, 312, 313, 314, 316, 317, 320, 322, 324, 329, 331, 332, 336, 337, 338, 339, 340, 341, 342, 343, 345, 352, 353, 354, 358, 363, 365, 367, 370, 371, 372, 373, 376, 381, 384, 385, 387], "excluded_lines": []}, "ResponsiveHTMLGenerator": {"executed_lines": [], "summary": {"covered_lines": 0, "num_statements": 37, "percent_covered": 0.0, "percent_covered_display": "0", "missing_lines": 37, "excluded_lines": 0}, "missing_lines": [394, 403, 404, 407, 410, 416, 419, 426, 431, 457, 459, 460, 461, 462, 463, 464, 465, 466, 467, 468, 469, 471, 475, 477, 479, 486, 492, 493, 494, 495, 496, 499, 505, 507, 515, 517, 525], "excluded_lines": []}, "MultiPlatformAdapter": {"executed_lines": [], "summary": {"covered_lines": 0, "num_statements": 63, "percent_covered": 0.0, "percent_covered_display": "0", "missing_lines": 63, "excluded_lines": 0}, "missing_lines": [656, 671, 677, 678, 681, 682, 683, 685, 688, 703, 704, 706, 708, 710, 712, 714, 716, 720, 721, 723, 724, 725, 727, 728, 729, 730, 731, 733, 735, 736, 738, 745, 746, 754, 755, 758, 759, 767, 779, 780, 782, 790, 791, 793, 794, 796, 797, 798, 799, 801, 802, 803, 805, 807, 809, 817, 820, 821, 822, 823, 827, 835, 837], "excluded_lines": []}, "ContentFormatOptimizer": {"executed_lines": [], "summary": {"covered_lines": 0, "num_statements": 25, "percent_covered": 0.0, "percent_covered_display": "0", "missing_lines": 25, "excluded_lines": 0}, "missing_lines": [844, 845, 846, 855, 856, 861, 862, 867, 872, 874, 875, 877, 878, 886, 889, 891, 894, 896, 907, 911, 912, 913, 915, 916, 918], "excluded_lines": []}, "": {"executed_lines": [], "summary": {"covered_lines": 0, "num_statements": 77, "percent_covered": 0.0, "percent_covered_display": "0", "missing_lines": 77, "excluded_lines": 0}, "missing_lines": [10, 12, 13, 14, 15, 16, 17, 18, 20, 22, 25, 27, 28, 29, 30, 33, 35, 36, 37, 38, 39, 40, 43, 44, 46, 47, 48, 49, 50, 51, 52, 55, 56, 58, 59, 60, 61, 62, 65, 68, 72, 97, 197, 232, 261, 284, 307, 326, 334, 347, 360, 378, 390, 393, 396, 428, 452, 473, 484, 490, 503, 513, 522, 652, 655, 664, 697, 718, 740, 748, 761, 784, 811, 840, 843, 848, 903], "excluded_lines": []}}}, "src/agents/editing.py": {"executed_lines": [], "summary": {"covered_lines": 0, "num_statements": 355, "percent_covered": 0.0, "percent_covered_display": "0", "missing_lines": 355, "excluded_lines": 0}, "missing_lines": [8, 10, 11, 12, 13, 15, 16, 17, 24, 26, 28, 31, 34, 35, 51, 52, 54, 56, 70, 74, 77, 79, 82, 84, 102, 106, 107, 110, 113, 115, 118, 121, 124, 126, 128, 129, 130, 132, 134, 136, 139, 140, 145, 148, 150, 157, 159, 160, 163, 167, 169, 173, 178, 186, 188, 189, 190, 192, 195, 220, 221, 222, 223, 224, 225, 227, 230, 232, 235, 244, 245, 247, 248, 249, 250, 252, 253, 255, 258, 259, 260, 261, 262, 263, 264, 265, 266, 267, 268, 269, 270, 271, 272, 273, 275, 278, 279, 280, 281, 283, 291, 292, 293, 301, 303, 305, 306, 307, 311, 314, 317, 320, 323, 326, 328, 329, 330, 332, 334, 336, 355, 356, 357, 376, 378, 385, 386, 390, 392, 394, 403, 404, 406, 407, 408, 411, 413, 415, 424, 425, 429, 431, 433, 440, 441, 445, 447, 451, 452, 453, 455, 468, 469, 471, 472, 473, 475, 476, 478, 484, 486, 488, 490, 493, 496, 500, 503, 516, 517, 518, 528, 531, 532, 535, 536, 540, 541, 545, 546, 550, 551, 555, 556, 560, 561, 562, 564, 565, 569, 570, 571, 574, 577, 579, 582, 597, 598, 600, 604, 607, 614, 615, 616, 617, 624, 626, 628, 631, 636, 637, 638, 639, 647, 654, 655, 656, 662, 664, 666, 669, 670, 671, 672, 679, 685, 686, 687, 693, 695, 697, 700, 701, 704, 705, 706, 712, 714, 716, 719, 720, 723, 724, 730, 732, 734, 737, 738, 740, 750, 752, 753, 759, 761, 763, 769, 770, 772, 778, 780, 782, 785, 786, 787, 788, 794, 796, 798, 813, 814, 816, 817, 819, 822, 824, 825, 827, 828, 830, 831, 833, 834, 837, 838, 841, 843, 846, 850, 857, 858, 861, 864, 871, 874, 875, 879, 884, 887, 888, 889, 890, 892, 894, 900, 903, 906, 912, 913, 914, 915, 917, 919, 925, 928, 929, 932, 933, 934, 935, 938, 939, 940, 941, 943, 944, 945, 946, 947, 949, 955, 957, 964, 966, 971, 973, 974, 975, 976, 978, 979, 980, 982, 985, 986, 987, 990, 992, 995, 998, 1005, 1006, 1007, 1009, 1011, 1014, 1026], "excluded_lines": [], "functions": {"EditorAgent.__init__": {"executed_lines": [], "summary": {"covered_lines": 0, "num_statements": 3, "percent_covered": 0.0, "percent_covered_display": "0", "missing_lines": 3, "excluded_lines": 0}, "missing_lines": [35, 51, 52], "excluded_lines": []}, "EditorAgent.perform_tool_assisted_audit": {"executed_lines": [], "summary": {"covered_lines": 0, "num_statements": 4, "percent_covered": 0.0, "percent_covered_display": "0", "missing_lines": 4, "excluded_lines": 0}, "missing_lines": [56, 70, 74, 77], "excluded_lines": []}, "EditorAgent.evaluate_against_context": {"executed_lines": [], "summary": {"covered_lines": 0, "num_statements": 7, "percent_covered": 0.0, "percent_covered_display": "0", "missing_lines": 7, "excluded_lines": 0}, "missing_lines": [82, 84, 102, 106, 107, 110, 113], "excluded_lines": []}, "EditorAgent.generate_structured_feedback": {"executed_lines": [], "summary": {"covered_lines": 0, "num_statements": 1, "percent_covered": 0.0, "percent_covered_display": "0", "missing_lines": 1, "excluded_lines": 0}, "missing_lines": [118], "excluded_lines": []}, "EditorAgent.verify_critical_claims": {"executed_lines": [], "summary": {"covered_lines": 0, "num_statements": 6, "percent_covered": 0.0, "percent_covered_display": "0", "missing_lines": 6, "excluded_lines": 0}, "missing_lines": [124, 126, 128, 129, 130, 132], "excluded_lines": []}, "EditorAgent.execute_task": {"executed_lines": [], "summary": {"covered_lines": 0, "num_statements": 5, "percent_covered": 0.0, "percent_covered_display": "0", "missing_lines": 5, "excluded_lines": 0}, "missing_lines": [136, 139, 140, 145, 148], "excluded_lines": []}, "EditorAgent._perform_comprehensive_editing": {"executed_lines": [], "summary": {"covered_lines": 0, "num_statements": 12, "percent_covered": 0.0, "percent_covered_display": "0", "missing_lines": 12, "excluded_lines": 0}, "missing_lines": [157, 159, 160, 163, 167, 169, 173, 178, 186, 188, 189, 190], "excluded_lines": []}, "EditorAgent._improve_content": {"executed_lines": [], "summary": {"covered_lines": 0, "num_statements": 7, "percent_covered": 0.0, "percent_covered_display": "0", "missing_lines": 7, "excluded_lines": 0}, "missing_lines": [195, 220, 221, 222, 223, 224, 225], "excluded_lines": []}, "EditorAgent.calculate_quality_score": {"executed_lines": [], "summary": {"covered_lines": 0, "num_statements": 37, "percent_covered": 0.0, "percent_covered_display": "0", "missing_lines": 37, "excluded_lines": 0}, "missing_lines": [230, 232, 235, 244, 245, 247, 248, 249, 250, 252, 253, 255, 258, 259, 260, 261, 262, 263, 264, 265, 266, 267, 268, 269, 270, 271, 272, 273, 275, 278, 279, 280, 281, 283, 291, 292, 293], "excluded_lines": []}, "EditorAgent.extract_quality_metrics": {"executed_lines": [], "summary": {"covered_lines": 0, "num_statements": 19, "percent_covered": 0.0, "percent_covered_display": "0", "missing_lines": 19, "excluded_lines": 0}, "missing_lines": [303, 305, 306, 307, 311, 314, 317, 320, 323, 326, 328, 329, 330, 332, 334, 336, 355, 356, 357], "excluded_lines": []}, "EditorAgent._assess_content_depth": {"executed_lines": [], "summary": {"covered_lines": 0, "num_statements": 4, "percent_covered": 0.0, "percent_covered_display": "0", "missing_lines": 4, "excluded_lines": 0}, "missing_lines": [378, 385, 386, 390], "excluded_lines": []}, "EditorAgent._count_engagement_elements": {"executed_lines": [], "summary": {"covered_lines": 0, "num_statements": 7, "percent_covered": 0.0, "percent_covered_display": "0", "missing_lines": 7, "excluded_lines": 0}, "missing_lines": [394, 403, 404, 406, 407, 408, 411], "excluded_lines": []}, "EditorAgent._assess_technical_depth": {"executed_lines": [], "summary": {"covered_lines": 0, "num_statements": 4, "percent_covered": 0.0, "percent_covered_display": "0", "missing_lines": 4, "excluded_lines": 0}, "missing_lines": [415, 424, 425, 429], "excluded_lines": []}, "EditorAgent._count_examples_and_cases": {"executed_lines": [], "summary": {"covered_lines": 0, "num_statements": 4, "percent_covered": 0.0, "percent_covered_display": "0", "missing_lines": 4, "excluded_lines": 0}, "missing_lines": [433, 440, 441, 445], "excluded_lines": []}, "EditorAgent._generate_improvement_report": {"executed_lines": [], "summary": {"covered_lines": 0, "num_statements": 13, "percent_covered": 0.0, "percent_covered_display": "0", "missing_lines": 13, "excluded_lines": 0}, "missing_lines": [451, 452, 453, 455, 468, 469, 471, 472, 473, 475, 476, 478, 484], "excluded_lines": []}, "EditorAgent.validate_content_quality": {"executed_lines": [], "summary": {"covered_lines": 0, "num_statements": 9, "percent_covered": 0.0, "percent_covered_display": "0", "missing_lines": 9, "excluded_lines": 0}, "missing_lines": [488, 490, 493, 496, 500, 503, 516, 517, 518], "excluded_lines": []}, "EditorAgent.generate_improvement_recommendations": {"executed_lines": [], "summary": {"covered_lines": 0, "num_statements": 21, "percent_covered": 0.0, "percent_covered_display": "0", "missing_lines": 21, "excluded_lines": 0}, "missing_lines": [531, 532, 535, 536, 540, 541, 545, 546, 550, 551, 555, 556, 560, 561, 562, 564, 565, 569, 570, 571, 574], "excluded_lines": []}, "EditorAgent.get_editing_analytics": {"executed_lines": [], "summary": {"covered_lines": 0, "num_statements": 4, "percent_covered": 0.0, "percent_covered_display": "0", "missing_lines": 4, "excluded_lines": 0}, "missing_lines": [579, 582, 597, 598], "excluded_lines": []}, "EditorAgent._check_grammar": {"executed_lines": [], "summary": {"covered_lines": 0, "num_statements": 7, "percent_covered": 0.0, "percent_covered_display": "0", "missing_lines": 7, "excluded_lines": 0}, "missing_lines": [604, 607, 614, 615, 616, 617, 624], "excluded_lines": []}, "EditorAgent._check_style": {"executed_lines": [], "summary": {"covered_lines": 0, "num_statements": 11, "percent_covered": 0.0, "percent_covered_display": "0", "missing_lines": 11, "excluded_lines": 0}, "missing_lines": [628, 631, 636, 637, 638, 639, 647, 654, 655, 656, 662], "excluded_lines": []}, "EditorAgent._check_clarity": {"executed_lines": [], "summary": {"covered_lines": 0, "num_statements": 10, "percent_covered": 0.0, "percent_covered_display": "0", "missing_lines": 10, "excluded_lines": 0}, "missing_lines": [666, 669, 670, 671, 672, 679, 685, 686, 687, 693], "excluded_lines": []}, "EditorAgent._check_structure": {"executed_lines": [], "summary": {"covered_lines": 0, "num_statements": 7, "percent_covered": 0.0, "percent_covered_display": "0", "missing_lines": 7, "excluded_lines": 0}, "missing_lines": [697, 700, 701, 704, 705, 706, 712], "excluded_lines": []}, "EditorAgent._check_engagement": {"executed_lines": [], "summary": {"covered_lines": 0, "num_statements": 6, "percent_covered": 0.0, "percent_covered_display": "0", "missing_lines": 6, "excluded_lines": 0}, "missing_lines": [716, 719, 720, 723, 724, 730], "excluded_lines": []}, "EditorAgent._check_seo": {"executed_lines": [], "summary": {"covered_lines": 0, "num_statements": 8, "percent_covered": 0.0, "percent_covered_display": "0", "missing_lines": 8, "excluded_lines": 0}, "missing_lines": [734, 737, 738, 740, 750, 752, 753, 759], "excluded_lines": []}, "EditorAgent._check_brand_compliance": {"executed_lines": [], "summary": {"covered_lines": 0, "num_statements": 5, "percent_covered": 0.0, "percent_covered_display": "0", "missing_lines": 5, "excluded_lines": 0}, "missing_lines": [763, 769, 770, 772, 778], "excluded_lines": []}, "EditorAgent._check_accessibility": {"executed_lines": [], "summary": {"covered_lines": 0, "num_statements": 6, "percent_covered": 0.0, "percent_covered_display": "0", "missing_lines": 6, "excluded_lines": 0}, "missing_lines": [782, 785, 786, 787, 788, 794], "excluded_lines": []}, "EditorAgent._calculate_audit_score": {"executed_lines": [], "summary": {"covered_lines": 0, "num_statements": 5, "percent_covered": 0.0, "percent_covered_display": "0", "missing_lines": 5, "excluded_lines": 0}, "missing_lines": [798, 813, 814, 816, 817], "excluded_lines": []}, "EditorAgent._generate_audit_recommendations": {"executed_lines": [], "summary": {"covered_lines": 0, "num_statements": 12, "percent_covered": 0.0, "percent_covered_display": "0", "missing_lines": 12, "excluded_lines": 0}, "missing_lines": [822, 824, 825, 827, 828, 830, 831, 833, 834, 837, 838, 841], "excluded_lines": []}, "EditorAgent._evaluate_tone_alignment": {"executed_lines": [], "summary": {"covered_lines": 0, "num_statements": 6, "percent_covered": 0.0, "percent_covered_display": "0", "missing_lines": 6, "excluded_lines": 0}, "missing_lines": [846, 850, 857, 858, 861, 864], "excluded_lines": []}, "EditorAgent._evaluate_audience_alignment": {"executed_lines": [], "summary": {"covered_lines": 0, "num_statements": 10, "percent_covered": 0.0, "percent_covered_display": "0", "missing_lines": 10, "excluded_lines": 0}, "missing_lines": [874, 875, 879, 884, 887, 888, 889, 890, 892, 894], "excluded_lines": []}, "EditorAgent._evaluate_goal_alignment": {"executed_lines": [], "summary": {"covered_lines": 0, "num_statements": 8, "percent_covered": 0.0, "percent_covered_display": "0", "missing_lines": 8, "excluded_lines": 0}, "missing_lines": [903, 906, 912, 913, 914, 915, 917, 919], "excluded_lines": []}, "EditorAgent._evaluate_terminology_compliance": {"executed_lines": [], "summary": {"covered_lines": 0, "num_statements": 16, "percent_covered": 0.0, "percent_covered_display": "0", "missing_lines": 16, "excluded_lines": 0}, "missing_lines": [928, 929, 932, 933, 934, 935, 938, 939, 940, 941, 943, 944, 945, 946, 947, 949], "excluded_lines": []}, "EditorAgent._calculate_context_score": {"executed_lines": [], "summary": {"covered_lines": 0, "num_statements": 2, "percent_covered": 0.0, "percent_covered_display": "0", "missing_lines": 2, "excluded_lines": 0}, "missing_lines": [957, 964], "excluded_lines": []}, "EditorAgent._generate_context_recommendations": {"executed_lines": [], "summary": {"covered_lines": 0, "num_statements": 13, "percent_covered": 0.0, "percent_covered_display": "0", "missing_lines": 13, "excluded_lines": 0}, "missing_lines": [971, 973, 974, 975, 976, 978, 979, 980, 982, 985, 986, 987, 990], "excluded_lines": []}, "EditorAgent._extract_claims_for_verification": {"executed_lines": [], "summary": {"covered_lines": 0, "num_statements": 6, "percent_covered": 0.0, "percent_covered_display": "0", "missing_lines": 6, "excluded_lines": 0}, "missing_lines": [995, 998, 1005, 1006, 1007, 1009], "excluded_lines": []}, "EditorAgent._verify_single_claim": {"executed_lines": [], "summary": {"covered_lines": 0, "num_statements": 2, "percent_covered": 0.0, "percent_covered_display": "0", "missing_lines": 2, "excluded_lines": 0}, "missing_lines": [1014, 1026], "excluded_lines": []}, "": {"executed_lines": [], "summary": {"covered_lines": 0, "num_statements": 48, "percent_covered": 0.0, "percent_covered_display": "0", "missing_lines": 48, "excluded_lines": 0}, "missing_lines": [8, 10, 11, 12, 13, 15, 16, 17, 24, 26, 28, 31, 34, 54, 79, 115, 121, 134, 150, 192, 227, 301, 376, 392, 413, 431, 447, 486, 528, 577, 600, 626, 664, 695, 714, 732, 761, 780, 796, 819, 843, 871, 900, 925, 955, 966, 992, 1011], "excluded_lines": []}}, "classes": {"EditorAgent": {"executed_lines": [], "summary": {"covered_lines": 0, "num_statements": 307, "percent_covered": 0.0, "percent_covered_display": "0", "missing_lines": 307, "excluded_lines": 0}, "missing_lines": [35, 51, 52, 56, 70, 74, 77, 82, 84, 102, 106, 107, 110, 113, 118, 124, 126, 128, 129, 130, 132, 136, 139, 140, 145, 148, 157, 159, 160, 163, 167, 169, 173, 178, 186, 188, 189, 190, 195, 220, 221, 222, 223, 224, 225, 230, 232, 235, 244, 245, 247, 248, 249, 250, 252, 253, 255, 258, 259, 260, 261, 262, 263, 264, 265, 266, 267, 268, 269, 270, 271, 272, 273, 275, 278, 279, 280, 281, 283, 291, 292, 293, 303, 305, 306, 307, 311, 314, 317, 320, 323, 326, 328, 329, 330, 332, 334, 336, 355, 356, 357, 378, 385, 386, 390, 394, 403, 404, 406, 407, 408, 411, 415, 424, 425, 429, 433, 440, 441, 445, 451, 452, 453, 455, 468, 469, 471, 472, 473, 475, 476, 478, 484, 488, 490, 493, 496, 500, 503, 516, 517, 518, 531, 532, 535, 536, 540, 541, 545, 546, 550, 551, 555, 556, 560, 561, 562, 564, 565, 569, 570, 571, 574, 579, 582, 597, 598, 604, 607, 614, 615, 616, 617, 624, 628, 631, 636, 637, 638, 639, 647, 654, 655, 656, 662, 666, 669, 670, 671, 672, 679, 685, 686, 687, 693, 697, 700, 701, 704, 705, 706, 712, 716, 719, 720, 723, 724, 730, 734, 737, 738, 740, 750, 752, 753, 759, 763, 769, 770, 772, 778, 782, 785, 786, 787, 788, 794, 798, 813, 814, 816, 817, 822, 824, 825, 827, 828, 830, 831, 833, 834, 837, 838, 841, 846, 850, 857, 858, 861, 864, 874, 875, 879, 884, 887, 888, 889, 890, 892, 894, 903, 906, 912, 913, 914, 915, 917, 919, 928, 929, 932, 933, 934, 935, 938, 939, 940, 941, 943, 944, 945, 946, 947, 949, 957, 964, 971, 973, 974, 975, 976, 978, 979, 980, 982, 985, 986, 987, 990, 995, 998, 1005, 1006, 1007, 1009, 1014, 1026], "excluded_lines": []}, "": {"executed_lines": [], "summary": {"covered_lines": 0, "num_statements": 48, "percent_covered": 0.0, "percent_covered_display": "0", "missing_lines": 48, "excluded_lines": 0}, "missing_lines": [8, 10, 11, 12, 13, 15, 16, 17, 24, 26, 28, 31, 34, 54, 79, 115, 121, 134, 150, 192, 227, 301, 376, 392, 413, 431, 447, 486, 528, 577, 600, 626, 664, 695, 714, 732, 761, 780, 796, 819, 843, 871, 900, 925, 955, 966, 992, 1011], "excluded_lines": []}}}, "src/agents/management.py": {"executed_lines": [], "summary": {"covered_lines": 0, "num_statements": 340, "percent_covered": 0.0, "percent_covered_display": "0", "missing_lines": 340, "excluded_lines": 0}, "missing_lines": [9, 11, 12, 13, 14, 15, 17, 18, 19, 20, 21, 22, 24, 26, 29, 30, 32, 33, 34, 35, 36, 37, 38, 39, 42, 43, 45, 46, 47, 48, 49, 50, 51, 52, 55, 58, 59, 72, 73, 74, 75, 76, 78, 80, 82, 83, 85, 91, 94, 97, 100, 104, 107, 109, 121, 123, 125, 128, 141, 142, 150, 151, 154, 155, 164, 166, 168, 169, 173, 175, 176, 179, 190, 196, 200, 202, 209, 211, 214, 215, 216, 219, 220, 222, 223, 225, 226, 227, 228, 229, 230, 232, 234, 241, 243, 246, 250, 252, 255, 257, 258, 259, 261, 267, 268, 269, 270, 272, 275, 278, 282, 284, 287, 288, 289, 291, 293, 294, 295, 296, 299, 301, 303, 306, 308, 311, 312, 313, 315, 319, 320, 322, 323, 324, 325, 327, 329, 334, 335, 337, 338, 339, 340, 341, 342, 344, 346, 352, 355, 365, 368, 379, 382, 393, 395, 397, 402, 405, 406, 408, 409, 411, 412, 414, 416, 421, 424, 425, 426, 427, 428, 430, 432, 435, 436, 437, 444, 458, 461, 463, 478, 481, 483, 486, 490, 493, 495, 496, 497, 499, 501, 521, 523, 544, 546, 548, 550, 551, 552, 553, 554, 556, 559, 560, 570, 573, 577, 580, 584, 587, 590, 591, 593, 595, 596, 597, 605, 608, 609, 611, 612, 613, 614, 616, 618, 619, 621, 622, 623, 626, 628, 634, 635, 637, 645, 646, 648, 649, 650, 652, 654, 655, 659, 660, 662, 664, 671, 673, 674, 675, 679, 681, 682, 683, 685, 690, 691, 692, 693, 695, 701, 703, 704, 705, 706, 707, 708, 709, 711, 713, 716, 718, 721, 723, 736, 737, 738, 740, 742, 744, 745, 746, 747, 749, 751, 754, 755, 757, 758, 759, 760, 762, 764, 766, 768, 774, 775, 776, 777, 778, 780, 782, 785, 786, 788, 789, 790, 798, 799, 801, 803, 805, 807, 809, 810, 811, 812, 814, 816, 819, 829, 830, 836, 837, 838, 840, 845, 852, 854, 858, 860, 861, 862, 863, 866, 869, 871, 874, 884, 885], "excluded_lines": [], "functions": {"ManagerAgent.__init__": {"executed_lines": [], "summary": {"covered_lines": 0, "num_statements": 6, "percent_covered": 0.0, "percent_covered_display": "0", "missing_lines": 6, "excluded_lines": 0}, "missing_lines": [59, 72, 73, 74, 75, 76], "excluded_lines": []}, "ManagerAgent.load_campaign_context": {"executed_lines": [], "summary": {"covered_lines": 0, "num_statements": 3, "percent_covered": 0.0, "percent_covered_display": "0", "missing_lines": 3, "excluded_lines": 0}, "missing_lines": [80, 82, 83], "excluded_lines": []}, "ManagerAgent.create_dynamic_workflow": {"executed_lines": [], "summary": {"covered_lines": 0, "num_statements": 9, "percent_covered": 0.0, "percent_covered_display": "0", "missing_lines": 9, "excluded_lines": 0}, "missing_lines": [91, 94, 97, 100, 104, 107, 109, 121, 123], "excluded_lines": []}, "ManagerAgent.handle_editor_feedback": {"executed_lines": [], "summary": {"covered_lines": 0, "num_statements": 8, "percent_covered": 0.0, "percent_covered_display": "0", "missing_lines": 8, "excluded_lines": 0}, "missing_lines": [128, 141, 142, 150, 151, 154, 155, 164], "excluded_lines": []}, "ManagerAgent.update_execution_state": {"executed_lines": [], "summary": {"covered_lines": 0, "num_statements": 2, "percent_covered": 0.0, "percent_covered_display": "0", "missing_lines": 2, "excluded_lines": 0}, "missing_lines": [168, 169], "excluded_lines": []}, "ManagerAgent.finalize_workflow": {"executed_lines": [], "summary": {"covered_lines": 0, "num_statements": 7, "percent_covered": 0.0, "percent_covered_display": "0", "missing_lines": 7, "excluded_lines": 0}, "missing_lines": [175, 176, 179, 190, 196, 200, 202], "excluded_lines": []}, "ManagerAgent.execute_task": {"executed_lines": [], "summary": {"covered_lines": 0, "num_statements": 15, "percent_covered": 0.0, "percent_covered_display": "0", "missing_lines": 15, "excluded_lines": 0}, "missing_lines": [211, 214, 215, 216, 219, 220, 222, 223, 225, 226, 227, 228, 229, 230, 232], "excluded_lines": []}, "ManagerAgent._create_enhanced_workflow_plan": {"executed_lines": [], "summary": {"covered_lines": 0, "num_statements": 9, "percent_covered": 0.0, "percent_covered_display": "0", "missing_lines": 9, "excluded_lines": 0}, "missing_lines": [241, 243, 246, 250, 252, 255, 257, 258, 259], "excluded_lines": []}, "ManagerAgent._execute_enhanced_workflow": {"executed_lines": [], "summary": {"covered_lines": 0, "num_statements": 12, "percent_covered": 0.0, "percent_covered_display": "0", "missing_lines": 12, "excluded_lines": 0}, "missing_lines": [267, 268, 269, 270, 272, 275, 278, 282, 284, 287, 288, 289], "excluded_lines": []}, "ManagerAgent._handle_feedback_task": {"executed_lines": [], "summary": {"covered_lines": 0, "num_statements": 12, "percent_covered": 0.0, "percent_covered_display": "0", "missing_lines": 12, "excluded_lines": 0}, "missing_lines": [293, 294, 295, 296, 299, 301, 303, 306, 308, 311, 312, 313], "excluded_lines": []}, "ManagerAgent._determine_complexity_from_context": {"executed_lines": [], "summary": {"covered_lines": 0, "num_statements": 7, "percent_covered": 0.0, "percent_covered_display": "0", "missing_lines": 7, "excluded_lines": 0}, "missing_lines": [319, 320, 322, 323, 324, 325, 327], "excluded_lines": []}, "ManagerAgent._select_template_from_context": {"executed_lines": [], "summary": {"covered_lines": 0, "num_statements": 9, "percent_covered": 0.0, "percent_covered_display": "0", "missing_lines": 9, "excluded_lines": 0}, "missing_lines": [334, 335, 337, 338, 339, 340, 341, 342, 344], "excluded_lines": []}, "ManagerAgent._create_context_aware_steps": {"executed_lines": [], "summary": {"covered_lines": 0, "num_statements": 8, "percent_covered": 0.0, "percent_covered_display": "0", "missing_lines": 8, "excluded_lines": 0}, "missing_lines": [352, 355, 365, 368, 379, 382, 393, 395], "excluded_lines": []}, "ManagerAgent._determine_quality_gates_from_context": {"executed_lines": [], "summary": {"covered_lines": 0, "num_statements": 8, "percent_covered": 0.0, "percent_covered_display": "0", "missing_lines": 8, "excluded_lines": 0}, "missing_lines": [402, 405, 406, 408, 409, 411, 412, 414], "excluded_lines": []}, "ManagerAgent._calculate_estimated_time_from_context": {"executed_lines": [], "summary": {"covered_lines": 0, "num_statements": 7, "percent_covered": 0.0, "percent_covered_display": "0", "missing_lines": 7, "excluded_lines": 0}, "missing_lines": [421, 424, 425, 426, 427, 428, 430], "excluded_lines": []}, "ManagerAgent._format_enhanced_workflow_plan": {"executed_lines": [], "summary": {"covered_lines": 0, "num_statements": 4, "percent_covered": 0.0, "percent_covered_display": "0", "missing_lines": 4, "excluded_lines": 0}, "missing_lines": [435, 436, 437, 444], "excluded_lines": []}, "ManagerAgent._format_enhanced_workflow_results": {"executed_lines": [], "summary": {"covered_lines": 0, "num_statements": 2, "percent_covered": 0.0, "percent_covered_display": "0", "missing_lines": 2, "excluded_lines": 0}, "missing_lines": [461, 463], "excluded_lines": []}, "ManagerAgent.create_hierarchical_workflow": {"executed_lines": [], "summary": {"covered_lines": 0, "num_statements": 8, "percent_covered": 0.0, "percent_covered_display": "0", "missing_lines": 8, "excluded_lines": 0}, "missing_lines": [481, 483, 486, 490, 493, 495, 496, 497], "excluded_lines": []}, "ManagerAgent._create_deep_dive_workflow": {"executed_lines": [], "summary": {"covered_lines": 0, "num_statements": 1, "percent_covered": 0.0, "percent_covered_display": "0", "missing_lines": 1, "excluded_lines": 0}, "missing_lines": [501], "excluded_lines": []}, "ManagerAgent._create_fallback_workflow": {"executed_lines": [], "summary": {"covered_lines": 0, "num_statements": 1, "percent_covered": 0.0, "percent_covered_display": "0", "missing_lines": 1, "excluded_lines": 0}, "missing_lines": [523], "excluded_lines": []}, "ManagerAgent._determine_quality_gates": {"executed_lines": [], "summary": {"covered_lines": 0, "num_statements": 1, "percent_covered": 0.0, "percent_covered_display": "0", "missing_lines": 1, "excluded_lines": 0}, "missing_lines": [546], "excluded_lines": []}, "ManagerAgent._calculate_estimated_time": {"executed_lines": [], "summary": {"covered_lines": 0, "num_statements": 5, "percent_covered": 0.0, "percent_covered_display": "0", "missing_lines": 5, "excluded_lines": 0}, "missing_lines": [550, 551, 552, 553, 554], "excluded_lines": []}, "ManagerAgent.execute_hierarchical_workflow": {"executed_lines": [], "summary": {"covered_lines": 0, "num_statements": 14, "percent_covered": 0.0, "percent_covered_display": "0", "missing_lines": 14, "excluded_lines": 0}, "missing_lines": [559, 560, 570, 573, 577, 580, 584, 587, 590, 591, 593, 595, 596, 597], "excluded_lines": []}, "ManagerAgent._execute_parallel_streams": {"executed_lines": [], "summary": {"covered_lines": 0, "num_statements": 13, "percent_covered": 0.0, "percent_covered_display": "0", "missing_lines": 13, "excluded_lines": 0}, "missing_lines": [608, 609, 611, 612, 613, 614, 616, 618, 619, 621, 622, 623, 626], "excluded_lines": []}, "ManagerAgent._execute_single_stream": {"executed_lines": [], "summary": {"covered_lines": 0, "num_statements": 23, "percent_covered": 0.0, "percent_covered_display": "0", "missing_lines": 23, "excluded_lines": 0}, "missing_lines": [634, 635, 637, 645, 646, 648, 649, 650, 652, 654, 655, 659, 660, 662, 664, 671, 673, 674, 675, 679, 681, 682, 683], "excluded_lines": []}, "ManagerAgent._find_suitable_agent": {"executed_lines": [], "summary": {"covered_lines": 0, "num_statements": 4, "percent_covered": 0.0, "percent_covered_display": "0", "missing_lines": 4, "excluded_lines": 0}, "missing_lines": [690, 691, 692, 693], "excluded_lines": []}, "ManagerAgent._execute_quality_gates": {"executed_lines": [], "summary": {"covered_lines": 0, "num_statements": 9, "percent_covered": 0.0, "percent_covered_display": "0", "missing_lines": 9, "excluded_lines": 0}, "missing_lines": [701, 703, 704, 705, 706, 707, 708, 709, 711], "excluded_lines": []}, "ManagerAgent._evaluate_quality_gate": {"executed_lines": [], "summary": {"covered_lines": 0, "num_statements": 7, "percent_covered": 0.0, "percent_covered_display": "0", "missing_lines": 7, "excluded_lines": 0}, "missing_lines": [716, 718, 721, 723, 736, 737, 738], "excluded_lines": []}, "ManagerAgent._extract_content_from_results": {"executed_lines": [], "summary": {"covered_lines": 0, "num_statements": 6, "percent_covered": 0.0, "percent_covered_display": "0", "missing_lines": 6, "excluded_lines": 0}, "missing_lines": [742, 744, 745, 746, 747, 749], "excluded_lines": []}, "ManagerAgent._extract_topic_from_task": {"executed_lines": [], "summary": {"covered_lines": 0, "num_statements": 7, "percent_covered": 0.0, "percent_covered_display": "0", "missing_lines": 7, "excluded_lines": 0}, "missing_lines": [754, 755, 757, 758, 759, 760, 762], "excluded_lines": []}, "ManagerAgent._select_template_for_topic": {"executed_lines": [], "summary": {"covered_lines": 0, "num_statements": 8, "percent_covered": 0.0, "percent_covered_display": "0", "missing_lines": 8, "excluded_lines": 0}, "missing_lines": [766, 768, 774, 775, 776, 777, 778, 780], "excluded_lines": []}, "ManagerAgent._convert_to_workflow_steps": {"executed_lines": [], "summary": {"covered_lines": 0, "num_statements": 8, "percent_covered": 0.0, "percent_covered_display": "0", "missing_lines": 8, "excluded_lines": 0}, "missing_lines": [785, 786, 788, 789, 790, 798, 799, 801], "excluded_lines": []}, "ManagerAgent._get_workflow_status": {"executed_lines": [], "summary": {"covered_lines": 0, "num_statements": 7, "percent_covered": 0.0, "percent_covered_display": "0", "missing_lines": 7, "excluded_lines": 0}, "missing_lines": [805, 807, 809, 810, 811, 812, 814], "excluded_lines": []}, "ManagerAgent._format_workflow_plan": {"executed_lines": [], "summary": {"covered_lines": 0, "num_statements": 9, "percent_covered": 0.0, "percent_covered_display": "0", "missing_lines": 9, "excluded_lines": 0}, "missing_lines": [819, 829, 830, 836, 837, 838, 840, 845, 852], "excluded_lines": []}, "ManagerAgent._format_workflow_results": {"executed_lines": [], "summary": {"covered_lines": 0, "num_statements": 6, "percent_covered": 0.0, "percent_covered_display": "0", "missing_lines": 6, "excluded_lines": 0}, "missing_lines": [858, 860, 861, 862, 863, 866], "excluded_lines": []}, "ManagerAgent.get_management_analytics": {"executed_lines": [], "summary": {"covered_lines": 0, "num_statements": 4, "percent_covered": 0.0, "percent_covered_display": "0", "missing_lines": 4, "excluded_lines": 0}, "missing_lines": [871, 874, 884, 885], "excluded_lines": []}, "": {"executed_lines": [], "summary": {"covered_lines": 0, "num_statements": 71, "percent_covered": 0.0, "percent_covered_display": "0", "missing_lines": 71, "excluded_lines": 0}, "missing_lines": [9, 11, 12, 13, 14, 15, 17, 18, 19, 20, 21, 22, 24, 26, 29, 30, 32, 33, 34, 35, 36, 37, 38, 39, 42, 43, 45, 46, 47, 48, 49, 50, 51, 52, 55, 58, 78, 85, 125, 166, 173, 209, 234, 261, 291, 315, 329, 346, 397, 416, 432, 458, 478, 499, 521, 544, 548, 556, 605, 628, 685, 695, 713, 740, 751, 764, 782, 803, 816, 854, 869], "excluded_lines": []}}, "classes": {"WorkflowStep": {"executed_lines": [], "summary": {"covered_lines": 0, "num_statements": 0, "percent_covered": 100.0, "percent_covered_display": "100", "missing_lines": 0, "excluded_lines": 0}, "missing_lines": [], "excluded_lines": []}, "WorkflowPlan": {"executed_lines": [], "summary": {"covered_lines": 0, "num_statements": 0, "percent_covered": 100.0, "percent_covered_display": "100", "missing_lines": 0, "excluded_lines": 0}, "missing_lines": [], "excluded_lines": []}, "ManagerAgent": {"executed_lines": [], "summary": {"covered_lines": 0, "num_statements": 269, "percent_covered": 0.0, "percent_covered_display": "0", "missing_lines": 269, "excluded_lines": 0}, "missing_lines": [59, 72, 73, 74, 75, 76, 80, 82, 83, 91, 94, 97, 100, 104, 107, 109, 121, 123, 128, 141, 142, 150, 151, 154, 155, 164, 168, 169, 175, 176, 179, 190, 196, 200, 202, 211, 214, 215, 216, 219, 220, 222, 223, 225, 226, 227, 228, 229, 230, 232, 241, 243, 246, 250, 252, 255, 257, 258, 259, 267, 268, 269, 270, 272, 275, 278, 282, 284, 287, 288, 289, 293, 294, 295, 296, 299, 301, 303, 306, 308, 311, 312, 313, 319, 320, 322, 323, 324, 325, 327, 334, 335, 337, 338, 339, 340, 341, 342, 344, 352, 355, 365, 368, 379, 382, 393, 395, 402, 405, 406, 408, 409, 411, 412, 414, 421, 424, 425, 426, 427, 428, 430, 435, 436, 437, 444, 461, 463, 481, 483, 486, 490, 493, 495, 496, 497, 501, 523, 546, 550, 551, 552, 553, 554, 559, 560, 570, 573, 577, 580, 584, 587, 590, 591, 593, 595, 596, 597, 608, 609, 611, 612, 613, 614, 616, 618, 619, 621, 622, 623, 626, 634, 635, 637, 645, 646, 648, 649, 650, 652, 654, 655, 659, 660, 662, 664, 671, 673, 674, 675, 679, 681, 682, 683, 690, 691, 692, 693, 701, 703, 704, 705, 706, 707, 708, 709, 711, 716, 718, 721, 723, 736, 737, 738, 742, 744, 745, 746, 747, 749, 754, 755, 757, 758, 759, 760, 762, 766, 768, 774, 775, 776, 777, 778, 780, 785, 786, 788, 789, 790, 798, 799, 801, 805, 807, 809, 810, 811, 812, 814, 819, 829, 830, 836, 837, 838, 840, 845, 852, 858, 860, 861, 862, 863, 866, 871, 874, 884, 885], "excluded_lines": []}, "": {"executed_lines": [], "summary": {"covered_lines": 0, "num_statements": 71, "percent_covered": 0.0, "percent_covered_display": "0", "missing_lines": 71, "excluded_lines": 0}, "missing_lines": [9, 11, 12, 13, 14, 15, 17, 18, 19, 20, 21, 22, 24, 26, 29, 30, 32, 33, 34, 35, 36, 37, 38, 39, 42, 43, 45, 46, 47, 48, 49, 50, 51, 52, 55, 58, 78, 85, 125, 166, 173, 209, 234, 261, 291, 315, 329, 346, 397, 416, 432, 458, 478, 499, 521, 544, 548, 556, 605, 628, 685, 695, 713, 740, 751, 764, 782, 803, 816, 854, 869], "excluded_lines": []}}}, "src/agents/research.py": {"executed_lines": [], "summary": {"covered_lines": 0, "num_statements": 523, "percent_covered": 0.0, "percent_covered_display": "0", "missing_lines": 523, "excluded_lines": 0}, "missing_lines": [8, 10, 11, 12, 13, 14, 16, 17, 18, 19, 20, 21, 23, 25, 28, 31, 32, 47, 50, 51, 52, 53, 54, 55, 56, 57, 58, 59, 61, 64, 67, 68, 69, 72, 73, 74, 75, 76, 79, 81, 85, 87, 88, 91, 92, 93, 106, 107, 110, 125, 127, 128, 131, 134, 137, 138, 139, 140, 141, 142, 144, 147, 151, 154, 158, 170, 172, 174, 176, 178, 181, 191, 194, 198, 200, 203, 204, 205, 206, 209, 221, 222, 223, 224, 227, 228, 229, 231, 234, 237, 239, 242, 260, 264, 268, 269, 270, 271, 276, 280, 282, 297, 309, 310, 312, 315, 316, 317, 329, 331, 332, 334, 335, 336, 338, 340, 343, 344, 346, 348, 351, 353, 354, 357, 359, 362, 363, 378, 380, 381, 383, 385, 386, 387, 389, 391, 393, 395, 396, 397, 398, 399, 400, 402, 403, 406, 409, 410, 411, 413, 416, 430, 431, 432, 436, 437, 439, 441, 442, 443, 445, 451, 477, 478, 479, 480, 481, 491, 497, 505, 506, 511, 526, 528, 530, 533, 552, 553, 555, 558, 561, 564, 565, 566, 567, 568, 569, 570, 573, 574, 575, 576, 577, 580, 581, 582, 583, 584, 587, 588, 589, 592, 593, 595, 597, 603, 605, 606, 608, 609, 610, 619, 620, 621, 629, 630, 632, 634, 636, 639, 640, 641, 642, 643, 646, 647, 648, 649, 650, 653, 654, 657, 658, 660, 662, 664, 666, 667, 668, 669, 671, 673, 675, 676, 679, 681, 686, 689, 695, 696, 697, 698, 699, 700, 701, 702, 703, 705, 707, 712, 713, 716, 720, 721, 722, 723, 724, 725, 726, 728, 730, 735, 736, 739, 740, 742, 747, 750, 751, 752, 754, 755, 759, 760, 761, 765, 768, 769, 772, 774, 776, 783, 785, 788, 789, 791, 792, 793, 796, 797, 798, 799, 802, 803, 804, 805, 807, 809, 816, 819, 820, 822, 823, 824, 825, 827, 829, 834, 835, 837, 839, 842, 843, 844, 845, 846, 848, 850, 855, 858, 859, 861, 863, 865, 866, 867, 868, 869, 870, 873, 874, 877, 878, 879, 880, 883, 884, 885, 887, 889, 894, 897, 900, 901, 903, 905, 907, 910, 912, 913, 916, 925, 926, 927, 929, 931, 936, 937, 940, 946, 948, 951, 952, 953, 955, 958, 964, 965, 968, 975, 976, 979, 981, 984, 985, 987, 991, 997, 999, 1008, 1014, 1015, 1018, 1023, 1028, 1032, 1040, 1042, 1047, 1048, 1051, 1055, 1059, 1063, 1067, 1070, 1078, 1080, 1083, 1086, 1087, 1091, 1093, 1094, 1098, 1099, 1102, 1103, 1108, 1111, 1113, 1114, 1117, 1119, 1122, 1123, 1125, 1126, 1127, 1132, 1134, 1136, 1138, 1145, 1147, 1150, 1151, 1154, 1155, 1156, 1159, 1161, 1165, 1167, 1169, 1172, 1173, 1176, 1178, 1184, 1186, 1187, 1188, 1189, 1191, 1194, 1195, 1196, 1197, 1198, 1200, 1202, 1204, 1206, 1209, 1210, 1213, 1214, 1217, 1218, 1221, 1222, 1224, 1226, 1229, 1230, 1233, 1235, 1243, 1245, 1246, 1247, 1249, 1250, 1253, 1254, 1257, 1259, 1260, 1263, 1264, 1265, 1267, 1269, 1278, 1281, 1283, 1286, 1287, 1288, 1292, 1294, 1296, 1299, 1305, 1306, 1309, 1310, 1311, 1313, 1315, 1320, 1322, 1323, 1326, 1327, 1332, 1335, 1336, 1340, 1341, 1342, 1345], "excluded_lines": [], "functions": {"ResearchAgent.__init__": {"executed_lines": [], "summary": {"covered_lines": 0, "num_statements": 12, "percent_covered": 0.0, "percent_covered_display": "0", "missing_lines": 12, "excluded_lines": 0}, "missing_lines": [32, 47, 50, 51, 52, 53, 54, 55, 56, 57, 58, 59], "excluded_lines": []}, "ResearchAgent.conduct_context_aware_research": {"executed_lines": [], "summary": {"covered_lines": 0, "num_statements": 37, "percent_covered": 0.0, "percent_covered_display": "0", "missing_lines": 37, "excluded_lines": 0}, "missing_lines": [64, 67, 68, 69, 72, 73, 74, 75, 76, 79, 81, 85, 87, 88, 91, 92, 93, 106, 107, 110, 125, 127, 128, 131, 134, 137, 138, 139, 140, 141, 142, 144, 147, 151, 154, 158, 170], "excluded_lines": []}, "ResearchAgent.validate_sources": {"executed_lines": [], "summary": {"covered_lines": 0, "num_statements": 7, "percent_covered": 0.0, "percent_covered_display": "0", "missing_lines": 7, "excluded_lines": 0}, "missing_lines": [174, 176, 178, 181, 191, 194, 198], "excluded_lines": []}, "ResearchAgent.generate_structured_output": {"executed_lines": [], "summary": {"covered_lines": 0, "num_statements": 17, "percent_covered": 0.0, "percent_covered_display": "0", "missing_lines": 17, "excluded_lines": 0}, "missing_lines": [203, 204, 205, 206, 209, 221, 222, 223, 224, 227, 228, 229, 231, 234, 237, 239, 242], "excluded_lines": []}, "ResearchAgent.verify_specific_claim": {"executed_lines": [], "summary": {"covered_lines": 0, "num_statements": 8, "percent_covered": 0.0, "percent_covered_display": "0", "missing_lines": 8, "excluded_lines": 0}, "missing_lines": [264, 268, 269, 270, 271, 276, 280, 282], "excluded_lines": []}, "ResearchAgent.enhanced_search_with_confidence": {"executed_lines": [], "summary": {"covered_lines": 0, "num_statements": 12, "percent_covered": 0.0, "percent_covered_display": "0", "missing_lines": 12, "excluded_lines": 0}, "missing_lines": [309, 310, 312, 315, 316, 317, 329, 331, 332, 334, 335, 336], "excluded_lines": []}, "ResearchAgent.execute_task": {"executed_lines": [], "summary": {"covered_lines": 0, "num_statements": 9, "percent_covered": 0.0, "percent_covered_display": "0", "missing_lines": 9, "excluded_lines": 0}, "missing_lines": [340, 343, 344, 346, 348, 351, 353, 354, 357], "excluded_lines": []}, "ResearchAgent._generate_knowledge_based_research": {"executed_lines": [], "summary": {"covered_lines": 0, "num_statements": 9, "percent_covered": 0.0, "percent_covered_display": "0", "missing_lines": 9, "excluded_lines": 0}, "missing_lines": [362, 363, 378, 380, 381, 383, 385, 386, 387], "excluded_lines": []}, "ResearchAgent._execute_web_research": {"executed_lines": [], "summary": {"covered_lines": 0, "num_statements": 14, "percent_covered": 0.0, "percent_covered_display": "0", "missing_lines": 14, "excluded_lines": 0}, "missing_lines": [391, 393, 395, 396, 397, 398, 399, 400, 402, 403, 406, 409, 410, 411], "excluded_lines": []}, "ResearchAgent._generate_search_queries": {"executed_lines": [], "summary": {"covered_lines": 0, "num_statements": 10, "percent_covered": 0.0, "percent_covered_display": "0", "missing_lines": 10, "excluded_lines": 0}, "missing_lines": [416, 430, 431, 432, 436, 437, 439, 441, 442, 443], "excluded_lines": []}, "ResearchAgent._synthesize_research_results": {"executed_lines": [], "summary": {"covered_lines": 0, "num_statements": 6, "percent_covered": 0.0, "percent_covered_display": "0", "missing_lines": 6, "excluded_lines": 0}, "missing_lines": [451, 477, 478, 479, 480, 481], "excluded_lines": []}, "ResearchAgent._build_research_prompt_with_tools": {"executed_lines": [], "summary": {"covered_lines": 0, "num_statements": 5, "percent_covered": 0.0, "percent_covered_display": "0", "missing_lines": 5, "excluded_lines": 0}, "missing_lines": [497, 505, 506, 511, 526], "excluded_lines": []}, "ResearchAgent.get_research_analytics": {"executed_lines": [], "summary": {"covered_lines": 0, "num_statements": 4, "percent_covered": 0.0, "percent_covered_display": "0", "missing_lines": 4, "excluded_lines": 0}, "missing_lines": [530, 533, 552, 553], "excluded_lines": []}, "ResearchAgent._generate_context_aware_queries": {"executed_lines": [], "summary": {"covered_lines": 0, "num_statements": 25, "percent_covered": 0.0, "percent_covered_display": "0", "missing_lines": 25, "excluded_lines": 0}, "missing_lines": [558, 561, 564, 565, 566, 567, 568, 569, 570, 573, 574, 575, 576, 577, 580, 581, 582, 583, 584, 587, 588, 589, 592, 593, 595], "excluded_lines": []}, "ResearchAgent._execute_context_aware_research": {"executed_lines": [], "summary": {"covered_lines": 0, "num_statements": 12, "percent_covered": 0.0, "percent_covered_display": "0", "missing_lines": 12, "excluded_lines": 0}, "missing_lines": [603, 605, 606, 608, 609, 610, 619, 620, 621, 629, 630, 632], "excluded_lines": []}, "ResearchAgent._calculate_source_confidence": {"executed_lines": [], "summary": {"covered_lines": 0, "num_statements": 16, "percent_covered": 0.0, "percent_covered_display": "0", "missing_lines": 16, "excluded_lines": 0}, "missing_lines": [636, 639, 640, 641, 642, 643, 646, 647, 648, 649, 650, 653, 654, 657, 658, 660], "excluded_lines": []}, "ResearchAgent._assess_source_quality": {"executed_lines": [], "summary": {"covered_lines": 0, "num_statements": 6, "percent_covered": 0.0, "percent_covered_display": "0", "missing_lines": 6, "excluded_lines": 0}, "missing_lines": [664, 666, 667, 668, 669, 671], "excluded_lines": []}, "ResearchAgent._calculate_relevance_score": {"executed_lines": [], "summary": {"covered_lines": 0, "num_statements": 3, "percent_covered": 0.
[...]
 189, 193, 198, 201, 204, 240, 248, 253, 256, 261, 278, 279, 307, 312, 317, 337, 344, 347, 362, 381, 404], "excluded_lines": []}}, "classes": {"SearchQuery": {"executed_lines": [], "summary": {"covered_lines": 0, "num_statements": 3, "percent_covered": 0.0, "percent_covered_display": "0", "missing_lines": 3, "excluded_lines": 0}, "missing_lines": [18, 19, 20], "excluded_lines": []}, "SearchResult": {"executed_lines": [], "summary": {"covered_lines": 0, "num_statements": 5, "percent_covered": 0.0, "percent_covered_display": "0", "missing_lines": 5, "excluded_lines": 0}, "missing_lines": [32, 33, 34, 35, 36], "excluded_lines": []}, "SerperSearchProvider": {"executed_lines": [], "summary": {"covered_lines": 0, "num_statements": 41, "percent_covered": 0.0, "percent_covered_display": "0", "missing_lines": 41, "excluded_lines": 0}, "missing_lines": [45, 46, 47, 51, 53, 54, 55, 59, 65, 66, 67, 68, 69, 70, 72, 73, 74, 76, 79, 81, 83, 84, 85, 89, 93, 94, 96, 98, 102, 103, 104, 106, 107, 114, 115, 117, 124, 127, 129, 130, 131], "excluded_lines": []}, "DuckDuckGoSearchProvider": {"executed_lines": [], "summary": {"covered_lines": 0, "num_statements": 20, "percent_covered": 0.0, "percent_covered_display": "0", "missing_lines": 20, "excluded_lines": 0}, "missing_lines": [138, 142, 143, 146, 147, 154, 155, 156, 158, 161, 162, 171, 172, 173, 183, 185, 186, 187, 191, 195], "excluded_lines": []}, "KnowledgeBaseSearchProvider": {"executed_lines": [], "summary": {"covered_lines": 0, "num_statements": 24, "percent_covered": 0.0, "percent_covered_display": "0", "missing_lines": 24, "excluded_lines": 0}, "missing_lines": [202, 206, 208, 209, 210, 211, 212, 213, 214, 215, 218, 220, 221, 222, 234, 236, 237, 238, 242, 243, 244, 245, 246, 250], "excluded_lines": []}, "UnifiedSearchProvider": {"executed_lines": [], "summary": {"covered_lines": 0, "num_statements": 37, "percent_covered": 0.0, "percent_covered_display": "0", "missing_lines": 37, "excluded_lines": 0}, "missing_lines": [257, 258, 259, 263, 266, 267, 268, 271, 274, 276, 284, 287, 288, 289, 291, 292, 293, 294, 298, 299, 300, 301, 304, 305, 310, 314, 315, 324, 325, 326, 329, 330, 331, 332, 333, 335, 339], "excluded_lines": []}, "": {"executed_lines": [], "summary": {"covered_lines": 0, "num_statements": 70, "percent_covered": 0.0, "percent_covered_display": "0", "missing_lines": 70, "excluded_lines": 0}, "missing_lines": [5, 6, 7, 8, 9, 11, 14, 17, 23, 26, 39, 44, 49, 87, 91, 134, 137, 140, 189, 193, 198, 201, 204, 240, 248, 253, 256, 261, 278, 279, 307, 312, 317, 337, 344, 347, 350, 351, 352, 353, 354, 357, 358, 362, 364, 365, 367, 368, 370, 371, 372, 378, 381, 386, 387, 390, 391, 393, 394, 395, 401, 404, 406, 407, 409, 410, 412, 413, 414, 420], "excluded_lines": []}}}, "src/tools/syntax_validator.py": {"executed_lines": [], "summary": {"covered_lines": 0, "num_statements": 251, "percent_covered": 0.0, "percent_covered_display": "0", "missing_lines": 251, "excluded_lines": 0}, "missing_lines": [8, 9, 10, 11, 12, 13, 14, 15, 16, 18, 21, 23, 24, 25, 28, 30, 31, 32, 33, 34, 35, 38, 40, 41, 42, 43, 44, 47, 48, 50, 51, 52, 53, 54, 55, 56, 59, 60, 62, 63, 64, 65, 66, 67, 68, 69, 70, 71, 74, 77, 78, 79, 80, 81, 83, 94, 96, 99, 100, 102, 104, 105, 108, 109, 110, 113, 114, 115, 118, 119, 121, 123, 125, 127, 129, 132, 134, 136, 138, 147, 148, 150, 152, 160, 161, 163, 165, 166, 168, 170, 171, 182, 183, 184, 194, 196, 198, 199, 202, 203, 213, 214, 215, 216, 226, 228, 230, 231, 233, 234, 235, 236, 246, 248, 250, 252, 253, 254, 255, 257, 259, 261, 271, 272, 281, 283, 285, 287, 296, 298, 299, 300, 302, 304, 306, 307, 310, 313, 314, 315, 316, 319, 320, 321, 323, 324, 325, 326, 327, 330, 331, 332, 335, 336, 338, 351, 353, 354, 355, 357, 358, 359, 360, 362, 364, 366, 389, 391, 419, 421, 439, 441, 444, 445, 446, 447, 450, 451, 452, 453, 456, 457, 458, 459, 460, 463, 464, 465, 466, 467, 468, 471, 472, 473, 474, 476, 477, 478, 479, 480, 481, 484, 485, 486, 494, 495, 496, 498, 499, 501, 502, 504, 506, 507, 509, 511, 522, 525, 527, 528, 529, 532, 533, 539, 540, 541, 542, 545, 547, 548, 550, 552, 554, 556, 557, 558, 561, 562, 563, 564, 565, 566, 569, 570, 571, 572, 573, 575, 583, 584, 586], "excluded_lines": [], "functions": {"SyntaxValidator.__init__": {"executed_lines": [], "summary": {"covered_lines": 0, "num_statements": 4, "percent_covered": 0.0, "percent_covered_display": "0", "missing_lines": 4, "excluded_lines": 0}, "missing_lines": [78, 79, 80, 81], "excluded_lines": []}, "SyntaxValidator.validate": {"executed_lines": [], "summary": {"covered_lines": 0, "num_statements": 16, "percent_covered": 0.0, "percent_covered_display": "0", "missing_lines": 16, "excluded_lines": 0}, "missing_lines": [94, 96, 99, 100, 102, 104, 105, 108, 109, 110, 113, 114, 115, 118, 119, 121], "excluded_lines": []}, "SyntaxValidator._validate_syntax": {"executed_lines": [], "summary": {"covered_lines": 0, "num_statements": 13, "percent_covered": 0.0, "percent_covered_display": "0", "missing_lines": 13, "excluded_lines": 0}, "missing_lines": [125, 127, 129, 132, 134, 136, 138, 147, 148, 150, 152, 160, 161], "excluded_lines": []}, "SyntaxValidator._validate_style": {"executed_lines": [], "summary": {"covered_lines": 0, "num_statements": 9, "percent_covered": 0.0, "percent_covered_display": "0", "missing_lines": 9, "excluded_lines": 0}, "missing_lines": [165, 166, 168, 170, 171, 182, 183, 184, 194], "excluded_lines": []}, "SyntaxValidator._validate_best_practices": {"executed_lines": [], "summary": {"covered_lines": 0, "num_statements": 9, "percent_covered": 0.0, "percent_covered_display": "0", "missing_lines": 9, "excluded_lines": 0}, "missing_lines": [198, 199, 202, 203, 213, 214, 215, 216, 226], "excluded_lines": []}, "SyntaxValidator._validate_security": {"executed_lines": [], "summary": {"covered_lines": 0, "num_statements": 7, "percent_covered": 0.0, "percent_covered_display": "0", "missing_lines": 7, "excluded_lines": 0}, "missing_lines": [230, 231, 233, 234, 235, 236, 246], "excluded_lines": []}, "SyntaxValidator._check_ast_patterns": {"executed_lines": [], "summary": {"covered_lines": 0, "num_statements": 9, "percent_covered": 0.0, "percent_covered_display": "0", "missing_lines": 9, "excluded_lines": 0}, "missing_lines": [250, 252, 253, 257, 283, 298, 299, 300, 302], "excluded_lines": []}, "SyntaxValidator._check_ast_patterns.ASTChecker.__init__": {"executed_lines": [], "summary": {"covered_lines": 0, "num_statements": 2, "percent_covered": 0.0, "percent_covered_display": "0", "missing_lines": 2, "excluded_lines": 0}, "missing_lines": [254, 255], "excluded_lines": []}, "SyntaxValidator._check_ast_patterns.ASTChecker.visit_FunctionDef": {"executed_lines": [], "summary": {"covered_lines": 0, "num_statements": 5, "percent_covered": 0.0, "percent_covered_display": "0", "missing_lines": 5, "excluded_lines": 0}, "missing_lines": [259, 261, 271, 272, 281], "excluded_lines": []}, "SyntaxValidator._check_ast_patterns.ASTChecker.visit_ClassDef": {"executed_lines": [], "summary": {"covered_lines": 0, "num_statements": 3, "percent_covered": 0.0, "percent_covered_display": "0", "missing_lines": 3, "excluded_lines": 0}, "missing_lines": [285, 287, 296], "excluded_lines": []}, "SyntaxValidator._calculate_scores": {"executed_lines": [], "summary": {"covered_lines": 0, "num_statements": 21, "percent_covered": 0.0, "percent_covered_display": "0", "missing_lines": 21, "excluded_lines": 0}, "missing_lines": [306, 307, 310, 313, 314, 315, 316, 319, 320, 321, 323, 324, 325, 326, 327, 330, 331, 332, 335, 336, 338], "excluded_lines": []}, "SyntaxValidator._get_code_snippet": {"executed_lines": [], "summary": {"covered_lines": 0, "num_statements": 8, "percent_covered": 0.0, "percent_covered_display": "0", "missing_lines": 8, "excluded_lines": 0}, "missing_lines": [353, 354, 355, 357, 358, 359, 360, 362], "excluded_lines": []}, "SyntaxValidator._initialize_style_patterns": {"executed_lines": [], "summary": {"covered_lines": 0, "num_statements": 1, "percent_covered": 0.0, "percent_covered_display": "0", "missing_lines": 1, "excluded_lines": 0}, "missing_lines": [366], "excluded_lines": []}, "SyntaxValidator._initialize_best_practice_patterns": {"executed_lines": [], "summary": {"covered_lines": 0, "num_statements": 1, "percent_covered": 0.0, "percent_covered_display": "0", "missing_lines": 1, "excluded_lines": 0}, "missing_lines": [391], "excluded_lines": []}, "SyntaxValidator._initialize_security_patterns": {"executed_lines": [], "summary": {"covered_lines": 0, "num_statements": 1, "percent_covered": 0.0, "percent_covered_display": "0", "missing_lines": 1, "excluded_lines": 0}, "missing_lines": [421], "excluded_lines": []}, "SyntaxValidator.format_validation_report": {"executed_lines": [], "summary": {"covered_lines": 0, "num_statements": 44, "percent_covered": 0.0, "percent_covered_display": "0", "missing_lines": 44, "excluded_lines": 0}, "missing_lines": [441, 444, 445, 446, 447, 450, 451, 452, 453, 456, 457, 458, 459, 460, 463, 464, 465, 466, 467, 468, 471, 472, 473, 474, 476, 477, 478, 479, 480, 481, 484, 485, 486, 494, 495, 496, 498, 499, 501, 502, 504, 506, 507, 509], "excluded_lines": []}, "SyntaxValidator.validate_with_external_tools": {"executed_lines": [], "summary": {"covered_lines": 0, "num_statements": 15, "percent_covered": 0.0, "percent_covered_display": "0", "missing_lines": 15, "excluded_lines": 0}, "missing_lines": [522, 525, 527, 528, 529, 532, 533, 539, 540, 541, 542, 545, 547, 548, 550], "excluded_lines": []}, "SyntaxValidator._parse_flake8_output": {"executed_lines": [], "summary": {"covered_lines": 0, "num_statements": 19, "percent_covered": 0.0, "percent_covered_display": "0", "missing_lines": 19, "excluded_lines": 0}, "missing_lines": [554, 556, 557, 558, 561, 562, 563, 564, 565, 566, 569, 570, 571, 572, 573, 575, 583, 584, 586], "excluded_lines": []}, "": {"executed_lines": [], "summary": {"covered_lines": 0, "num_statements": 64, "percent_covered": 0.0, "percent_covered_display": "0", "missing_lines": 64, "excluded_lines": 0}, "missing_lines": [8, 9, 10, 11, 12, 13, 14, 15, 16, 18, 21, 23, 24, 25, 28, 30, 31, 32, 33, 34, 35, 38, 40, 41, 42, 43, 44, 47, 48, 50, 51, 52, 53, 54, 55, 56, 59, 60, 62, 63, 64, 65, 66, 67, 68, 69, 70, 71, 74, 77, 83, 123, 163, 196, 228, 248, 304, 351, 364, 389, 419, 439, 511, 552], "excluded_lines": []}}, "classes": {"ValidationLevel": {"executed_lines": [], "summary": {"covered_lines": 0, "num_statements": 0, "percent_covered": 100.0, "percent_covered_display": "100", "missing_lines": 0, "excluded_lines": 0}, "missing_lines": [], "excluded_lines": []}, "IssueType": {"executed_lines": [], "summary": {"covered_lines": 0, "num_statements": 0, "percent_covered": 100.0, "percent_covered_display": "100", "missing_lines": 0, "excluded_lines": 0}, "missing_lines": [], "excluded_lines": []}, "IssueSeverity": {"executed_lines": [], "summary": {"covered_lines": 0, "num_statements": 0, "percent_covered": 100.0, "percent_covered_display": "100", "missing_lines": 0, "excluded_lines": 0}, "missing_lines": [], "excluded_lines": []}, "ValidationIssue": {"executed_lines": [], "summary": {"covered_lines": 0, "num_statements": 0, "percent_covered": 100.0, "percent_covered_display": "100", "missing_lines": 0, "excluded_lines": 0}, "missing_lines": [], "excluded_lines": []}, "ValidationResult": {"executed_lines": [], "summary": {"covered_lines": 0, "num_statements": 0, "percent_covered": 100.0, "percent_covered_display": "100", "missing_lines": 0, "excluded_lines": 0}, "missing_lines": [], "excluded_lines": []}, "SyntaxValidator": {"executed_lines": [], "summary": {"covered_lines": 0, "num_statements": 177, "percent_covered": 0.0, "percent_covered_display": "0", "missing_lines": 177, "excluded_lines": 0}, "missing_lines": [78, 79, 80, 81, 94, 96, 99, 100, 102, 104, 105, 108, 109, 110, 113, 114, 115, 118, 119, 121, 125, 127, 129, 132, 134, 136, 138, 147, 148, 150, 152, 160, 161, 165, 166, 168, 170, 171, 182, 183, 184, 194, 198, 199, 202, 203, 213, 214, 215, 216, 226, 230, 231, 233, 234, 235, 236, 246, 250, 252, 253, 257, 283, 298, 299, 300, 302, 306, 307, 310, 313, 314, 315, 316, 319, 320, 321, 323, 324, 325, 326, 327, 330, 331, 332, 335, 336, 338, 353, 354, 355, 357, 358, 359, 360, 362, 366, 391, 421, 441, 444, 445, 446, 447, 450, 451, 452, 453, 456, 457, 458, 459, 460, 463, 464, 465, 466, 467, 468, 471, 472, 473, 474, 476, 477, 478, 479, 480, 481, 484, 485, 486, 494, 495, 496, 498, 499, 501, 502, 504, 506, 507, 509, 522, 525, 527, 528, 529, 532, 533, 539, 540, 541, 542, 545, 547, 548, 550, 554, 556, 557, 558, 561, 562, 563, 564, 565, 566, 569, 570, 571, 572, 573, 575, 583, 584, 586], "excluded_lines": []}, "SyntaxValidator._check_ast_patterns.ASTChecker": {"executed_lines": [], "summary": {"covered_lines": 0, "num_statements": 10, "percent_covered": 0.0, "percent_covered_display": "0", "missing_lines": 10, "excluded_lines": 0}, "missing_lines": [254, 255, 259, 261, 271, 272, 281, 285, 287, 296], "excluded_lines": []}, "": {"executed_lines": [], "summary": {"covered_lines": 0, "num_statements": 64, "percent_covered": 0.0, "percent_covered_display": "0", "missing_lines": 64, "excluded_lines": 0}, "missing_lines": [8, 9, 10, 11, 12, 13, 14, 15, 16, 18, 21, 23, 24, 25, 28, 30, 31, 32, 33, 34, 35, 38, 40, 41, 42, 43, 44, 47, 48, 50, 51, 52, 53, 54, 55, 56, 59, 60, 62, 63, 64, 65, 66, 67, 68, 69, 70, 71, 74, 77, 83, 123, 163, 196, 228, 248, 304, 351, 364, 389, 419, 439, 511, 552], "excluded_lines": []}}}, "src/tools/tools.py": {"executed_lines": [], "summary": {"covered_lines": 0, "num_statements": 162, "percent_covered": 0.0, "percent_covered_display": "0", "missing_lines": 162, "excluded_lines": 0}, "missing_lines": [8, 9, 10, 11, 12, 13, 14, 15, 16, 18, 21, 24, 25, 29, 43, 46, 50, 51, 64, 67, 78, 80, 81, 88, 89, 91, 93, 94, 95, 97, 98, 99, 100, 102, 103, 105, 107, 108, 109, 112, 123, 126, 129, 130, 131, 134, 144, 145, 146, 149, 152, 157, 162, 163, 165, 167, 168, 169, 172, 182, 184, 185, 188, 189, 191, 193, 202, 203, 204, 207, 218, 219, 221, 222, 223, 225, 226, 228, 230, 231, 232, 235, 245, 246, 248, 249, 250, 252, 260, 261, 262, 265, 276, 278, 279, 281, 282, 284, 286, 287, 288, 291, 302, 304, 307, 322, 326, 327, 328, 331, 332, 334, 335, 336, 339, 349, 351, 365, 366, 368, 369, 371, 373, 374, 375, 378, 388, 390, 393, 396, 398, 400, 401, 402, 406, 420, 432, 434, 437, 440, 441, 443, 444, 445, 446, 447, 448, 454, 455, 456, 459, 460, 463, 464, 471, 473, 474, 475, 483, 485, 488, 490], "excluded_lines": [], "functions": {"check_tool_availability": {"executed_lines": [], "summary": {"covered_lines": 0, "num_statements": 3, "percent_covered": 0.0, "percent_covered_display": "0", "missing_lines": 3, "excluded_lines": 0}, "missing_lines": [50, 51, 64], "excluded_lines": []}, "search_web": {"executed_lines": [], "summary": {"covered_lines": 0, "num_statements": 19, "percent_covered": 0.0, "percent_covered_display": "0", "missing_lines": 19, "excluded_lines": 0}, "missing_lines": [78, 80, 81, 88, 89, 91, 93, 94, 95, 97, 98, 99, 100, 102, 103, 105, 107, 108, 109], "excluded_lines": []}, "search_knowledge_base": {"executed_lines": [], "summary": {"covered_lines": 0, "num_statements": 5, "percent_covered": 0.0, "percent_covered_display": "0", "missing_lines": 5, "excluded_lines": 0}, "missing_lines": [123, 126, 129, 130, 131], "excluded_lines": []}, "extract_content": {"executed_lines": [], "summary": {"covered_lines": 0, "num_statements": 12, "percent_covered": 0.0, "percent_covered_display": "0", "missing_lines": 12, "excluded_lines": 0}, "missing_lines": [144, 145, 146, 149, 152, 157, 162, 163, 165, 167, 168, 169], "excluded_lines": []}, "analyze_content": {"executed_lines": [], "summary": {"covered_lines": 0, "num_statements": 10, "percent_covered": 0.0, "percent_covered_display": "0", "missing_lines": 10, "excluded_lines": 0}, "missing_lines": [182, 184, 185, 188, 189, 191, 193, 202, 203, 204], "excluded_lines": []}, "format_content": {"executed_lines": [], "summary": {"covered_lines": 0, "num_statements": 11, "percent_covered": 0.0, "percent_covered_display": "0", "missing_lines": 11, "excluded_lines": 0}, "missing_lines": [218, 219, 221, 222, 223, 225, 226, 228, 230, 231, 232], "excluded_lines": []}, "validate_url": {"executed_lines": [], "summary": {"covered_lines": 0, "num_statements": 9, "percent_covered": 0.0, "percent_covered_display": "0", "missing_lines": 9, "excluded_lines": 0}, "missing_lines": [245, 246, 248, 249, 250, 252, 260, 261, 262], "excluded_lines": []}, "generate_summary": {"executed_lines": [], "summary": {"covered_lines": 0, "num_statements": 9, "percent_covered": 0.0, "percent_covered_display": "0", "missing_lines": 9, "excluded_lines": 0}, "missing_lines": [276, 278, 279, 281, 282, 284, 286, 287, 288], "excluded_lines": []}, "extract_keywords": {"executed_lines": [], "summary": {"covered_lines": 0, "num_statements": 12, "percent_covered": 0.0, "percent_covered_display": "0", "missing_lines": 12, "excluded_lines": 0}, "missing_lines": [302, 304, 307, 322, 326, 327, 328, 331, 332, 334, 335, 336], "excluded_lines": []}, "detect_language": {"executed_lines": [], "summary": {"covered_lines": 0, "num_statements": 10, "percent_covered": 0.0, "percent_covered_display": "0", "missing_lines": 10, "excluded_lines": 0}, "missing_lines": [349, 351, 365, 366, 368, 369, 371, 373, 374, 375], "excluded_lines": []}, "clean_text": {"executed_lines": [], "summary": {"covered_lines": 0, "num_statements": 8, "percent_covered": 0.0, "percent_covered_display": "0", "missing_lines": 8, "excluded_lines": 0}, "missing_lines": [388, 390, 393, 396, 398, 400, 401, 402], "excluded_lines": []}, "search_web_with_alternatives": {"executed_lines": [], "summary": {"covered_lines": 0, "num_statements": 22, "percent_covered": 0.0, "percent_covered_display": "0", "missing_lines": 22, "excluded_lines": 0}, "missing_lines": [432, 434, 437, 440, 441, 443, 444, 445, 446, 447, 448, 454, 455, 456, 459, 460, 463, 464, 471, 473, 474, 475], "excluded_lines": []}, "get_tool": {"executed_lines": [], "summary": {"covered_lines": 0, "num_statements": 1, "percent_covered": 0.0, "percent_covered_display": "0", "missing_lines": 1, "excluded_lines": 0}, "missing_lines": [485], "excluded_lines": []}, "list_available_tools": {"executed_lines": [], "summary": {"covered_lines": 0, "num_statements": 1, "percent_covered": 0.0, "percent_covered_display": "0", "missing_lines": 1, "excluded_lines": 0}, "missing_lines": [490], "excluded_lines": []}, "": {"executed_lines": [], "summary": {"covered_lines": 0, "num_statements": 30, "percent_covered": 0.0, "percent_covered_display": "0", "missing_lines": 30, "excluded_lines": 0}, "missing_lines": [8, 9, 10, 11, 12, 13, 14, 15, 16, 18, 21, 24, 25, 29, 43, 46, 67, 112, 134, 172, 207, 235, 265, 291, 339, 378, 406, 420, 483, 488], "excluded_lines": []}}, "classes": {"": {"executed_lines": [], "summary": {"covered_lines": 0, "num_statements": 162, "percent_covered": 0.0, "percent_covered_display": "0", "missing_lines": 162, "excluded_lines": 0}, "missing_lines": [8, 9, 10, 11, 12, 13, 14, 15, 16, 18, 21, 24, 25, 29, 43, 46, 50, 51, 64, 67, 78, 80, 81, 88, 89, 91, 93, 94, 95, 97, 98, 99, 100, 102, 103, 105, 107, 108, 109, 112, 123, 126, 129, 130, 131, 134, 144, 145, 146, 149, 152, 157, 162, 163, 165, 167, 168, 169, 172, 182, 184, 185, 188, 189, 191, 193, 202, 203, 204, 207, 218, 219, 221, 222, 223, 225, 226, 228, 230, 231, 232, 235, 245, 246, 248, 249, 250, 252, 260, 261, 262, 265, 276, 278, 279, 281, 282, 284, 286, 287, 288, 291, 302, 304, 307, 322, 326, 327, 328, 331, 332, 334, 335, 336, 339, 349, 351, 365, 366, 368, 369, 371, 373, 374, 375, 378, 388, 390, 393, 396, 398, 400, 401, 402, 406, 420, 432, 434, 437, 440, 441, 443, 444, 445, 446, 447, 448, 454, 455, 456, 459, 460, 463, 464, 471, 473, 474, 475, 483, 485, 488, 490], "excluded_lines": []}}}}, "totals": {"covered_lines": 1035, "num_statements": 11178, "percent_covered": 9.25925925925926, "percent_covered_display": "9", "missing_lines": 10143, "excluded_lines": 80}}